{"timestamp":"2026-04-09T17:38:57.675514Z","level":"info","event":"DAG bundles loaded: dags-folder, example_dags","logger":"airflow.dag_processing.bundles.manager.DagBundlesManager","filename":"manager.py","lineno":179}
{"timestamp":"2026-04-09T17:38:57.676509Z","level":"info","event":"Filling up the DagBag from /opt/airflow/dags/yellow_taxi_pipeline.py","logger":"airflow.models.dagbag.BundleDagBag","filename":"dagbag.py","lineno":593}
{"timestamp":"2026-04-09T17:38:57.732956Z","level":"info","event":"Task instance is in running state","logger":"task.stdout"}
{"timestamp":"2026-04-09T17:38:57.733333Z","level":"info","event":" Previous state of the Task instance: TaskInstanceState.QUEUED","logger":"task.stdout"}
{"timestamp":"2026-04-09T17:38:57.733703Z","level":"info","event":"Current task name:transform","logger":"task.stdout"}
{"timestamp":"2026-04-09T17:38:57.733939Z","level":"info","event":"Dag name:yellow_taxi_pipeline","logger":"task.stdout"}
{"timestamp":"2026-04-09T17:38:57.749051Z","level":"info","event":"[Transformer] Reading /opt/airflow/data/raw/yellow_tripdata_2026-01.parquet","logger":"task.stdout"}
{"timestamp":"2026-04-09T17:38:57.805165Z","level":"info","event":"[Transformer] Dropped columns: ['VendorID', 'store_and_fwd_flag', 'RatecodeID']","logger":"task.stdout"}
{"timestamp":"2026-04-09T17:38:57.811941Z","level":"info","event":"[Transformer] Added column: trip_duration_minutes","logger":"task.stdout"}
{"timestamp":"2026-04-09T17:38:57.821854Z","level":"info","event":"[Transformer] Added column: average_speed_mph","logger":"task.stdout"}
{"timestamp":"2026-04-09T17:38:57.827622Z","level":"info","event":"[Transformer] Added columns: pickup_year, pickup_month","logger":"task.stdout"}
{"timestamp":"2026-04-09T17:38:57.834066Z","level":"info","event":"[Transformer] Added column: revenue_per_mile","logger":"task.stdout"}
{"timestamp":"2026-04-09T17:38:57.841290Z","level":"info","event":"[Transformer] Added column: trip_distance_category","logger":"task.stdout"}
{"timestamp":"2026-04-09T17:38:57.844807Z","level":"info","event":"[Transformer] Added column: fare_category","logger":"task.stdout"}
{"timestamp":"2026-04-09T17:38:57.848892Z","level":"info","event":"[Transformer] Added column: trip_time_of_day","logger":"task.stdout"}
{"timestamp":"2026-04-09T17:38:58.380885Z","level":"info","event":"[Transformer] Dropped columns: ['VendorID', 'store_and_fwd_flag', 'RatecodeID']","logger":"task.stdout"}
{"timestamp":"2026-04-09T17:38:58.384519Z","level":"info","event":"[Transformer] Added column: trip_duration_minutes","logger":"task.stdout"}
{"timestamp":"2026-04-09T17:38:58.391510Z","level":"info","event":"[Transformer] Added column: average_speed_mph","logger":"task.stdout"}
{"timestamp":"2026-04-09T17:38:58.394464Z","level":"info","event":"[Transformer] Added columns: pickup_year, pickup_month","logger":"task.stdout"}
{"timestamp":"2026-04-09T17:38:58.399367Z","level":"info","event":"[Transformer] Added column: revenue_per_mile","logger":"task.stdout"}
{"timestamp":"2026-04-09T17:38:58.402575Z","level":"info","event":"[Transformer] Added column: trip_distance_category","logger":"task.stdout"}
{"timestamp":"2026-04-09T17:38:58.405505Z","level":"info","event":"[Transformer] Added column: fare_category","logger":"task.stdout"}
{"timestamp":"2026-04-09T17:38:58.409617Z","level":"info","event":"[Transformer] Added column: trip_time_of_day","logger":"task.stdout"}
{"timestamp":"2026-04-09T17:38:58.743770Z","level":"info","event":"[Transformer] Dropped columns: ['VendorID', 'store_and_fwd_flag', 'RatecodeID']","logger":"task.stdout"}
{"timestamp":"2026-04-09T17:38:58.745732Z","level":"info","event":"[Transformer] Added column: trip_duration_minutes","logger":"task.stdout"}
{"timestamp":"2026-04-09T17:38:58.750742Z","level":"info","event":"[Transformer] Added column: average_speed_mph","logger":"task.stdout"}
{"timestamp":"2026-04-09T17:38:58.754643Z","level":"info","event":"[Transformer] Added columns: pickup_year, pickup_month","logger":"task.stdout"}
{"timestamp":"2026-04-09T17:38:58.758334Z","level":"info","event":"[Transformer] Added column: revenue_per_mile","logger":"task.stdout"}
{"timestamp":"2026-04-09T17:38:58.761703Z","level":"info","event":"[Transformer] Added column: trip_distance_category","logger":"task.stdout"}
{"timestamp":"2026-04-09T17:38:58.765609Z","level":"info","event":"[Transformer] Added column: fare_category","logger":"task.stdout"}
{"timestamp":"2026-04-09T17:38:58.771857Z","level":"info","event":"[Transformer] Added column: trip_time_of_day","logger":"task.stdout"}
{"timestamp":"2026-04-09T17:38:59.070788Z","level":"info","event":"[Transformer] Dropped columns: ['VendorID', 'store_and_fwd_flag', 'RatecodeID']","logger":"task.stdout"}
{"timestamp":"2026-04-09T17:38:59.073000Z","level":"info","event":"[Transformer] Added column: trip_duration_minutes","logger":"task.stdout"}
{"timestamp":"2026-04-09T17:38:59.079538Z","level":"info","event":"[Transformer] Added column: average_speed_mph","logger":"task.stdout"}
{"timestamp":"2026-04-09T17:38:59.082821Z","level":"info","event":"[Transformer] Added columns: pickup_year, pickup_month","logger":"task.stdout"}
{"timestamp":"2026-04-09T17:38:59.087837Z","level":"info","event":"[Transformer] Added column: revenue_per_mile","logger":"task.stdout"}
{"timestamp":"2026-04-09T17:38:59.089792Z","level":"info","event":"[Transformer] Added column: trip_distance_category","logger":"task.stdout"}
{"timestamp":"2026-04-09T17:38:59.092797Z","level":"info","event":"[Transformer] Added column: fare_category","logger":"task.stdout"}
{"timestamp":"2026-04-09T17:38:59.095848Z","level":"info","event":"[Transformer] Added column: trip_time_of_day","logger":"task.stdout"}
{"timestamp":"2026-04-09T17:38:59.403415Z","level":"info","event":"[Transformer] Dropped columns: ['VendorID', 'store_and_fwd_flag', 'RatecodeID']","logger":"task.stdout"}
{"timestamp":"2026-04-09T17:38:59.405836Z","level":"info","event":"[Transformer] Added column: trip_duration_minutes","logger":"task.stdout"}
{"timestamp":"2026-04-09T17:38:59.410446Z","level":"info","event":"[Transformer] Added column: average_speed_mph","logger":"task.stdout"}
{"timestamp":"2026-04-09T17:38:59.414754Z","level":"info","event":"[Transformer] Added columns: pickup_year, pickup_month","logger":"task.stdout"}
{"timestamp":"2026-04-09T17:38:59.419423Z","level":"info","event":"[Transformer] Added column: revenue_per_mile","logger":"task.stdout"}
{"timestamp":"2026-04-09T17:38:59.423792Z","level":"info","event":"[Transformer] Added column: trip_distance_category","logger":"task.stdout"}
{"timestamp":"2026-04-09T17:38:59.424333Z","level":"info","event":"[Transformer] Added column: fare_category","logger":"task.stdout"}
{"timestamp":"2026-04-09T17:38:59.428177Z","level":"info","event":"[Transformer] Added column: trip_time_of_day","logger":"task.stdout"}
{"timestamp":"2026-04-09T17:38:59.733781Z","level":"info","event":"[Transformer] Dropped columns: ['VendorID', 'store_and_fwd_flag', 'RatecodeID']","logger":"task.stdout"}
{"timestamp":"2026-04-09T17:38:59.734194Z","level":"info","event":"[Transformer] Added column: trip_duration_minutes","logger":"task.stdout"}
{"timestamp":"2026-04-09T17:38:59.738065Z","level":"info","event":"[Transformer] Added column: average_speed_mph","logger":"task.stdout"}
{"timestamp":"2026-04-09T17:38:59.741668Z","level":"info","event":"[Transformer] Added columns: pickup_year, pickup_month","logger":"task.stdout"}
{"timestamp":"2026-04-09T17:38:59.745688Z","level":"info","event":"[Transformer] Added column: revenue_per_mile","logger":"task.stdout"}
{"timestamp":"2026-04-09T17:38:59.749127Z","level":"info","event":"[Transformer] Added column: trip_distance_category","logger":"task.stdout"}
{"timestamp":"2026-04-09T17:38:59.752092Z","level":"info","event":"[Transformer] Added column: fare_category","logger":"task.stdout"}
{"timestamp":"2026-04-09T17:38:59.756052Z","level":"info","event":"[Transformer] Added column: trip_time_of_day","logger":"task.stdout"}
{"timestamp":"2026-04-09T17:39:00.036215Z","level":"info","event":"[Transformer] Dropped columns: ['VendorID', 'store_and_fwd_flag', 'RatecodeID']","logger":"task.stdout"}
{"timestamp":"2026-04-09T17:39:00.039709Z","level":"info","event":"[Transformer] Added column: trip_duration_minutes","logger":"task.stdout"}
{"timestamp":"2026-04-09T17:39:00.044875Z","level":"info","event":"[Transformer] Added column: average_speed_mph","logger":"task.stdout"}
{"timestamp":"2026-04-09T17:39:00.050885Z","level":"info","event":"[Transformer] Added columns: pickup_year, pickup_month","logger":"task.stdout"}
{"timestamp":"2026-04-09T17:39:00.055836Z","level":"info","event":"[Transformer] Added column: revenue_per_mile","logger":"task.stdout"}
{"timestamp":"2026-04-09T17:39:00.056881Z","level":"info","event":"[Transformer] Added column: trip_distance_category","logger":"task.stdout"}
{"timestamp":"2026-04-09T17:39:00.059786Z","level":"info","event":"[Transformer] Added column: fare_category","logger":"task.stdout"}
{"timestamp":"2026-04-09T17:39:00.064720Z","level":"info","event":"[Transformer] Added column: trip_time_of_day","logger":"task.stdout"}
{"timestamp":"2026-04-09T17:39:00.381371Z","level":"info","event":"[Transformer] Dropped columns: ['VendorID', 'store_and_fwd_flag', 'RatecodeID']","logger":"task.stdout"}
{"timestamp":"2026-04-09T17:39:00.385879Z","level":"info","event":"[Transformer] Added column: trip_duration_minutes","logger":"task.stdout"}
{"timestamp":"2026-04-09T17:39:00.393174Z","level":"info","event":"[Transformer] Added column: average_speed_mph","logger":"task.stdout"}
{"timestamp":"2026-04-09T17:39:00.399792Z","level":"info","event":"[Transformer] Added columns: pickup_year, pickup_month","logger":"task.stdout"}
{"timestamp":"2026-04-09T17:39:00.407150Z","level":"info","event":"[Transformer] Added column: revenue_per_mile","logger":"task.stdout"}
{"timestamp":"2026-04-09T17:39:00.422498Z","level":"info","event":"[Transformer] Added column: trip_distance_category","logger":"task.stdout"}
{"timestamp":"2026-04-09T17:39:00.445295Z","level":"info","event":"[Transformer] Added column: fare_category","logger":"task.stdout"}
{"timestamp":"2026-04-09T17:39:00.462284Z","level":"info","event":"[Transformer] Added column: trip_time_of_day","logger":"task.stdout"}
{"timestamp":"2026-04-09T17:39:00.828721Z","level":"info","event":"[Transformer] Dropped columns: ['VendorID', 'store_and_fwd_flag', 'RatecodeID']","logger":"task.stdout"}
{"timestamp":"2026-04-09T17:39:00.833546Z","level":"info","event":"[Transformer] Added column: trip_duration_minutes","logger":"task.stdout"}
{"timestamp":"2026-04-09T17:39:00.837644Z","level":"info","event":"[Transformer] Added column: average_speed_mph","logger":"task.stdout"}
{"timestamp":"2026-04-09T17:39:00.841557Z","level":"info","event":"[Transformer] Added columns: pickup_year, pickup_month","logger":"task.stdout"}
{"timestamp":"2026-04-09T17:39:00.845189Z","level":"info","event":"[Transformer] Added column: revenue_per_mile","logger":"task.stdout"}
{"timestamp":"2026-04-09T17:39:00.849515Z","level":"info","event":"[Transformer] Added column: trip_distance_category","logger":"task.stdout"}
{"timestamp":"2026-04-09T17:39:00.852482Z","level":"info","event":"[Transformer] Added column: fare_category","logger":"task.stdout"}
{"timestamp":"2026-04-09T17:39:00.856780Z","level":"info","event":"[Transformer] Added column: trip_time_of_day","logger":"task.stdout"}
{"timestamp":"2026-04-09T17:39:01.118892Z","level":"info","event":"[Transformer] Dropped columns: ['VendorID', 'store_and_fwd_flag', 'RatecodeID']","logger":"task.stdout"}
{"timestamp":"2026-04-09T17:39:01.122524Z","level":"info","event":"[Transformer] Added column: trip_duration_minutes","logger":"task.stdout"}
{"timestamp":"2026-04-09T17:39:01.124761Z","level":"info","event":"[Transformer] Added column: average_speed_mph","logger":"task.stdout"}
{"timestamp":"2026-04-09T17:39:01.129821Z","level":"info","event":"[Transformer] Added columns: pickup_year, pickup_month","logger":"task.stdout"}
{"timestamp":"2026-04-09T17:39:01.132567Z","level":"info","event":"[Transformer] Added column: revenue_per_mile","logger":"task.stdout"}
{"timestamp":"2026-04-09T17:39:01.135535Z","level":"info","event":"[Transformer] Added column: trip_distance_category","logger":"task.stdout"}
{"timestamp":"2026-04-09T17:39:01.139156Z","level":"info","event":"[Transformer] Added column: fare_category","logger":"task.stdout"}
{"timestamp":"2026-04-09T17:39:01.142726Z","level":"info","event":"[Transformer] Added column: trip_time_of_day","logger":"task.stdout"}
{"timestamp":"2026-04-09T17:39:01.220402Z","level":"info","event":"[Transformer] Processed 500000 rows so far","logger":"task.stdout"}
{"timestamp":"2026-04-09T17:39:01.414055Z","level":"info","event":"[Transformer] Dropped columns: ['VendorID', 'store_and_fwd_flag', 'RatecodeID']","logger":"task.stdout"}
{"timestamp":"2026-04-09T17:39:01.416847Z","level":"info","event":"[Transformer] Added column: trip_duration_minutes","logger":"task.stdout"}
{"timestamp":"2026-04-09T17:39:01.421764Z","level":"info","event":"[Transformer] Added column: average_speed_mph","logger":"task.stdout"}
{"timestamp":"2026-04-09T17:39:01.425405Z","level":"info","event":"[Transformer] Added columns: pickup_year, pickup_month","logger":"task.stdout"}
{"timestamp":"2026-04-09T17:39:01.429842Z","level":"info","event":"[Transformer] Added column: revenue_per_mile","logger":"task.stdout"}
{"timestamp":"2026-04-09T17:39:01.432429Z","level":"info","event":"[Transformer] Added column: trip_distance_category","logger":"task.stdout"}
{"timestamp":"2026-04-09T17:39:01.436773Z","level":"info","event":"[Transformer] Added column: fare_category","logger":"task.stdout"}
{"timestamp":"2026-04-09T17:39:01.439819Z","level":"info","event":"[Transformer] Added column: trip_time_of_day","logger":"task.stdout"}
{"timestamp":"2026-04-09T17:39:01.724386Z","level":"info","event":"[Transformer] Dropped columns: ['VendorID', 'store_and_fwd_flag', 'RatecodeID']","logger":"task.stdout"}
{"timestamp":"2026-04-09T17:39:01.726782Z","level":"info","event":"[Transformer] Added column: trip_duration_minutes","logger":"task.stdout"}
{"timestamp":"2026-04-09T17:39:01.731364Z","level":"info","event":"[Transformer] Added column: average_speed_mph","logger":"task.stdout"}
{"timestamp":"2026-04-09T17:39:01.736804Z","level":"info","event":"[Transformer] Added columns: pickup_year, pickup_month","logger":"task.stdout"}
{"timestamp":"2026-04-09T17:39:01.739774Z","level":"info","event":"[Transformer] Added column: revenue_per_mile","logger":"task.stdout"}
{"timestamp":"2026-04-09T17:39:01.742002Z","level":"info","event":"[Transformer] Added column: trip_distance_category","logger":"task.stdout"}
{"timestamp":"2026-04-09T17:39:01.744771Z","level":"info","event":"[Transformer] Added column: fare_category","logger":"task.stdout"}
{"timestamp":"2026-04-09T17:39:01.748105Z","level":"info","event":"[Transformer] Added column: trip_time_of_day","logger":"task.stdout"}
{"timestamp":"2026-04-09T17:39:02.018767Z","level":"info","event":"[Transformer] Dropped columns: ['VendorID', 'store_and_fwd_flag', 'RatecodeID']","logger":"task.stdout"}
{"timestamp":"2026-04-09T17:39:02.020469Z","level":"info","event":"[Transformer] Added column: trip_duration_minutes","logger":"task.stdout"}
{"timestamp":"2026-04-09T17:39:02.024345Z","level":"info","event":"[Transformer] Added column: average_speed_mph","logger":"task.stdout"}
{"timestamp":"2026-04-09T17:39:02.027747Z","level":"info","event":"[Transformer] Added columns: pickup_year, pickup_month","logger":"task.stdout"}
{"timestamp":"2026-04-09T17:39:02.031817Z","level":"info","event":"[Transformer] Added column: revenue_per_mile","logger":"task.stdout"}
{"timestamp":"2026-04-09T17:39:02.034770Z","level":"info","event":"[Transformer] Added column: trip_distance_category","logger":"task.stdout"}
{"timestamp":"2026-04-09T17:39:02.036748Z","level":"info","event":"[Transformer] Added column: fare_category","logger":"task.stdout"}
{"timestamp":"2026-04-09T17:39:02.040564Z","level":"info","event":"[Transformer] Added column: trip_time_of_day","logger":"task.stdout"}
{"timestamp":"2026-04-09T17:39:02.283237Z","level":"info","event":"[Transformer] Dropped columns: ['VendorID', 'store_and_fwd_flag', 'RatecodeID']","logger":"task.stdout"}
{"timestamp":"2026-04-09T17:39:02.286066Z","level":"info","event":"[Transformer] Added column: trip_duration_minutes","logger":"task.stdout"}
{"timestamp":"2026-04-09T17:39:02.289685Z","level":"info","event":"[Transformer] Added column: average_speed_mph","logger":"task.stdout"}
{"timestamp":"2026-04-09T17:39:02.291751Z","level":"info","event":"[Transformer] Added columns: pickup_year, pickup_month","logger":"task.stdout"}
{"timestamp":"2026-04-09T17:39:02.294763Z","level":"info","event":"[Transformer] Added column: revenue_per_mile","logger":"task.stdout"}
{"timestamp":"2026-04-09T17:39:02.297779Z","level":"info","event":"[Transformer] Added column: trip_distance_category","logger":"task.stdout"}
{"timestamp":"2026-04-09T17:39:02.299807Z","level":"info","event":"[Transformer] Added column: fare_category","logger":"task.stdout"}
{"timestamp":"2026-04-09T17:39:02.302782Z","level":"info","event":"[Transformer] Added column: trip_time_of_day","logger":"task.stdout"}
{"timestamp":"2026-04-09T17:39:02.551910Z","level":"info","event":"[Transformer] Dropped columns: ['VendorID', 'store_and_fwd_flag', 'RatecodeID']","logger":"task.stdout"}
{"timestamp":"2026-04-09T17:39:02.553073Z","level":"info","event":"[Transformer] Added column: trip_duration_minutes","logger":"task.stdout"}
{"timestamp":"2026-04-09T17:39:02.557807Z","level":"info","event":"[Transformer] Added column: average_speed_mph","logger":"task.stdout"}
{"timestamp":"2026-04-09T17:39:02.559063Z","level":"info","event":"[Transformer] Added columns: pickup_year, pickup_month","logger":"task.stdout"}
{"timestamp":"2026-04-09T17:39:02.562425Z","level":"info","event":"[Transformer] Added column: revenue_per_mile","logger":"task.stdout"}
{"timestamp":"2026-04-09T17:39:02.565737Z","level":"info","event":"[Transformer] Added column: trip_distance_category","logger":"task.stdout"}
{"timestamp":"2026-04-09T17:39:02.567680Z","level":"info","event":"[Transformer] Added column: fare_category","logger":"task.stdout"}
{"timestamp":"2026-04-09T17:39:02.571755Z","level":"info","event":"[Transformer] Added column: trip_time_of_day","logger":"task.stdout"}
{"timestamp":"2026-04-09T17:39:02.811836Z","level":"info","event":"[Transformer] Dropped columns: ['VendorID', 'store_and_fwd_flag', 'RatecodeID']","logger":"task.stdout"}
{"timestamp":"2026-04-09T17:39:02.828020Z","level":"info","event":"[Transformer] Added column: trip_duration_minutes","logger":"task.stdout"}
{"timestamp":"2026-04-09T17:39:02.828330Z","level":"info","event":"[Transformer] Added column: average_speed_mph","logger":"task.stdout"}
{"timestamp":"2026-04-09T17:39:02.831471Z","level":"info","event":"[Transformer] Added columns: pickup_year, pickup_month","logger":"task.stdout"}
{"timestamp":"2026-04-09T17:39:02.831945Z","level":"info","event":"[Transformer] Added column: revenue_per_mile","logger":"task.stdout"}
{"timestamp":"2026-04-09T17:39:02.832249Z","level":"info","event":"[Transformer] Added column: trip_distance_category","logger":"task.stdout"}
{"timestamp":"2026-04-09T17:39:02.832652Z","level":"info","event":"[Transformer] Added column: fare_category","logger":"task.stdout"}
{"timestamp":"2026-04-09T17:39:02.832907Z","level":"info","event":"[Transformer] Added column: trip_time_of_day","logger":"task.stdout"}
{"timestamp":"2026-04-09T17:39:03.083836Z","level":"info","event":"[Transformer] Dropped columns: ['VendorID', 'store_and_fwd_flag', 'RatecodeID']","logger":"task.stdout"}
{"timestamp":"2026-04-09T17:39:03.085775Z","level":"info","event":"[Transformer] Added column: trip_duration_minutes","logger":"task.stdout"}
{"timestamp":"2026-04-09T17:39:03.091755Z","level":"info","event":"[Transformer] Added column: average_speed_mph","logger":"task.stdout"}
{"timestamp":"2026-04-09T17:39:03.092044Z","level":"info","event":"[Transformer] Added columns: pickup_year, pickup_month","logger":"task.stdout"}
{"timestamp":"2026-04-09T17:39:03.094887Z","level":"info","event":"[Transformer] Added column: revenue_per_mile","logger":"task.stdout"}
{"timestamp":"2026-04-09T17:39:03.097629Z","level":"info","event":"[Transformer] Added column: trip_distance_category","logger":"task.stdout"}
{"timestamp":"2026-04-09T17:39:03.100395Z","level":"info","event":"[Transformer] Added column: fare_category","logger":"task.stdout"}
{"timestamp":"2026-04-09T17:39:03.103873Z","level":"info","event":"[Transformer] Added column: trip_time_of_day","logger":"task.stdout"}
{"timestamp":"2026-04-09T17:39:03.333902Z","level":"info","event":"[Transformer] Dropped columns: ['VendorID', 'store_and_fwd_flag', 'RatecodeID']","logger":"task.stdout"}
{"timestamp":"2026-04-09T17:39:03.336193Z","level":"info","event":"[Transformer] Added column: trip_duration_minutes","logger":"task.stdout"}
{"timestamp":"2026-04-09T17:39:03.339262Z","level":"info","event":"[Transformer] Added column: average_speed_mph","logger":"task.stdout"}
{"timestamp":"2026-04-09T17:39:03.342726Z","level":"info","event":"[Transformer] Added columns: pickup_year, pickup_month","logger":"task.stdout"}
{"timestamp":"2026-04-09T17:39:03.344843Z","level":"info","event":"[Transformer] Added column: revenue_per_mile","logger":"task.stdout"}
{"timestamp":"2026-04-09T17:39:03.347421Z","level":"info","event":"[Transformer] Added column: trip_distance_category","logger":"task.stdout"}
{"timestamp":"2026-04-09T17:39:03.349800Z","level":"info","event":"[Transformer] Added column: fare_category","logger":"task.stdout"}
{"timestamp":"2026-04-09T17:39:03.352791Z","level":"info","event":"[Transformer] Added column: trip_time_of_day","logger":"task.stdout"}
{"timestamp":"2026-04-09T17:39:03.569863Z","level":"info","event":"[Transformer] Dropped columns: ['VendorID', 'store_and_fwd_flag', 'RatecodeID']","logger":"task.stdout"}
{"timestamp":"2026-04-09T17:39:03.571756Z","level":"info","event":"[Transformer] Added column: trip_duration_minutes","logger":"task.stdout"}
{"timestamp":"2026-04-09T17:39:03.577761Z","level":"info","event":"[Transformer] Added column: average_speed_mph","logger":"task.stdout"}
{"timestamp":"2026-04-09T17:39:03.578072Z","level":"info","event":"[Transformer] Added columns: pickup_year, pickup_month","logger":"task.stdout"}
{"timestamp":"2026-04-09T17:39:03.580460Z","level":"info","event":"[Transformer] Added column: revenue_per_mile","logger":"task.stdout"}
{"timestamp":"2026-04-09T17:39:03.583067Z","level":"info","event":"[Transformer] Added column: trip_distance_category","logger":"task.stdout"}
{"timestamp":"2026-04-09T17:39:03.585483Z","level":"info","event":"[Transformer] Added column: fare_category","logger":"task.stdout"}
{"timestamp":"2026-04-09T17:39:03.588528Z","level":"info","event":"[Transformer] Added column: trip_time_of_day","logger":"task.stdout"}
{"timestamp":"2026-04-09T17:39:03.806068Z","level":"info","event":"[Transformer] Dropped columns: ['VendorID', 'store_and_fwd_flag', 'RatecodeID']","logger":"task.stdout"}
{"timestamp":"2026-04-09T17:39:03.808283Z","level":"info","event":"[Transformer] Added column: trip_duration_minutes","logger":"task.stdout"}
{"timestamp":"2026-04-09T17:39:03.811448Z","level":"info","event":"[Transformer] Added column: average_speed_mph","logger":"task.stdout"}
{"timestamp":"2026-04-09T17:39:03.814708Z","level":"info","event":"[Transformer] Added columns: pickup_year, pickup_month","logger":"task.stdout"}
{"timestamp":"2026-04-09T17:39:03.818047Z","level":"info","event":"[Transformer] Added column: revenue_per_mile","logger":"task.stdout"}
{"timestamp":"2026-04-09T17:39:03.820223Z","level":"info","event":"[Transformer] Added column: trip_distance_category","logger":"task.stdout"}
{"timestamp":"2026-04-09T17:39:03.822117Z","level":"info","event":"[Transformer] Added column: fare_category","logger":"task.stdout"}
{"timestamp":"2026-04-09T17:39:03.824996Z","level":"info","event":"[Transformer] Added column: trip_time_of_day","logger":"task.stdout"}
{"timestamp":"2026-04-09T17:39:03.893131Z","level":"info","event":"[Transformer] Processed 1000000 rows so far","logger":"task.stdout"}
{"timestamp":"2026-04-09T17:39:04.063897Z","level":"info","event":"[Transformer] Dropped columns: ['VendorID', 'store_and_fwd_flag', 'RatecodeID']","logger":"task.stdout"}
{"timestamp":"2026-04-09T17:39:04.065753Z","level":"info","event":"[Transformer] Added column: trip_duration_minutes","logger":"task.stdout"}
{"timestamp":"2026-04-09T17:39:04.068783Z","level":"info","event":"[Transformer] Added column: average_speed_mph","logger":"task.stdout"}
{"timestamp":"2026-04-09T17:39:04.071190Z","level":"info","event":"[Transformer] Added columns: pickup_year, pickup_month","logger":"task.stdout"}
{"timestamp":"2026-04-09T17:39:04.074722Z","level":"info","event":"[Transformer] Added column: revenue_per_mile","logger":"task.stdout"}
{"timestamp":"2026-04-09T17:39:04.076011Z","level":"info","event":"[Transformer] Added column: trip_distance_category","logger":"task.stdout"}
{"timestamp":"2026-04-09T17:39:04.077876Z","level":"info","event":"[Transformer] Added column: fare_category","logger":"task.stdout"}
{"timestamp":"2026-04-09T17:39:04.081045Z","level":"info","event":"[Transformer] Added column: trip_time_of_day","logger":"task.stdout"}
{"timestamp":"2026-04-09T17:39:04.295848Z","level":"info","event":"[Transformer] Dropped columns: ['VendorID', 'store_and_fwd_flag', 'RatecodeID']","logger":"task.stdout"}
{"timestamp":"2026-04-09T17:39:04.297600Z","level":"info","event":"[Transformer] Added column: trip_duration_minutes","logger":"task.stdout"}
{"timestamp":"2026-04-09T17:39:04.300967Z","level":"info","event":"[Transformer] Added column: average_speed_mph","logger":"task.stdout"}
{"timestamp":"2026-04-09T17:39:04.303814Z","level":"info","event":"[Transformer] Added columns: pickup_year, pickup_month","logger":"task.stdout"}
{"timestamp":"2026-04-09T17:39:04.306791Z","level":"info","event":"[Transformer] Added column: revenue_per_mile","logger":"task.stdout"}
{"timestamp":"2026-04-09T17:39:04.308467Z","level":"info","event":"[Transformer] Added column: trip_distance_category","logger":"task.stdout"}
{"timestamp":"2026-04-09T17:39:04.311718Z","level":"info","event":"[Transformer] Added column: fare_category","logger":"task.stdout"}
{"timestamp":"2026-04-09T17:39:04.313072Z","level":"info","event":"[Transformer] Added column: trip_time_of_day","logger":"task.stdout"}
{"timestamp":"2026-04-09T17:39:04.527229Z","level":"info","event":"[Transformer] Dropped columns: ['VendorID', 'store_and_fwd_flag', 'RatecodeID']","logger":"task.stdout"}
{"timestamp":"2026-04-09T17:39:04.529996Z","level":"info","event":"[Transformer] Added column: trip_duration_minutes","logger":"task.stdout"}
{"timestamp":"2026-04-09T17:39:04.534373Z","level":"info","event":"[Transformer] Added column: average_speed_mph","logger":"task.stdout"}
{"timestamp":"2026-04-09T17:39:04.538830Z","level":"info","event":"[Transformer] Added columns: pickup_year, pickup_month","logger":"task.stdout"}
{"timestamp":"2026-04-09T17:39:04.540767Z","level":"info","event":"[Transformer] Added column: revenue_per_mile","logger":"task.stdout"}
{"timestamp":"2026-04-09T17:39:04.542803Z","level":"info","event":"[Transformer] Added column: trip_distance_category","logger":"task.stdout"}
{"timestamp":"2026-04-09T17:39:04.545334Z","level":"info","event":"[Transformer] Added column: fare_category","logger":"task.stdout"}
{"timestamp":"2026-04-09T17:39:04.549783Z","level":"info","event":"[Transformer] Added column: trip_time_of_day","logger":"task.stdout"}
{"timestamp":"2026-04-09T17:39:04.810725Z","level":"info","event":"[Transformer] Dropped columns: ['VendorID', 'store_and_fwd_flag', 'RatecodeID']","logger":"task.stdout"}
{"timestamp":"2026-04-09T17:39:04.813795Z","level":"info","event":"[Transformer] Added column: trip_duration_minutes","logger":"task.stdout"}
{"timestamp":"2026-04-09T17:39:04.816620Z","level":"info","event":"[Transformer] Added column: average_speed_mph","logger":"task.stdout"}
{"timestamp":"2026-04-09T17:39:04.820586Z","level":"info","event":"[Transformer] Added columns: pickup_year, pickup_month","logger":"task.stdout"}
{"timestamp":"2026-04-09T17:39:04.824018Z","level":"info","event":"[Transformer] Added column: revenue_per_mile","logger":"task.stdout"}
{"timestamp":"2026-04-09T17:39:04.826793Z","level":"info","event":"[Transformer] Added column: trip_distance_category","logger":"task.stdout"}
{"timestamp":"2026-04-09T17:39:04.828763Z","level":"info","event":"[Transformer] Added column: fare_category","logger":"task.stdout"}
{"timestamp":"2026-04-09T17:39:04.832811Z","level":"info","event":"[Transformer] Added column: trip_time_of_day","logger":"task.stdout"}
{"timestamp":"2026-04-09T17:39:05.116851Z","level":"info","event":"[Transformer] Dropped columns: ['VendorID', 'store_and_fwd_flag', 'RatecodeID']","logger":"task.stdout"}
{"timestamp":"2026-04-09T17:39:05.120833Z","level":"info","event":"[Transformer] Added column: trip_duration_minutes","logger":"task.stdout"}
{"timestamp":"2026-04-09T17:39:05.124374Z","level":"info","event":"[Transformer] Added column: average_speed_mph","logger":"task.stdout"}
{"timestamp":"2026-04-09T17:39:05.127800Z","level":"info","event":"[Transformer] Added columns: pickup_year, pickup_month","logger":"task.stdout"}
{"timestamp":"2026-04-09T17:39:05.131790Z","level":"info","event":"[Transformer] Added column: revenue_per_mile","logger":"task.stdout"}
{"timestamp":"2026-04-09T17:39:05.134864Z","level":"info","event":"[Transformer] Added column: trip_distance_category","logger":"task.stdout"}
{"timestamp":"2026-04-09T17:39:05.137456Z","level":"info","event":"[Transformer] Added column: fare_category","logger":"task.stdout"}
{"timestamp":"2026-04-09T17:39:05.142302Z","level":"info","event":"[Transformer] Added column: trip_time_of_day","logger":"task.stdout"}
{"timestamp":"2026-04-09T17:39:05.404175Z","level":"info","event":"[Transformer] Dropped columns: ['VendorID', 'store_and_fwd_flag', 'RatecodeID']","logger":"task.stdout"}
{"timestamp":"2026-04-09T17:39:05.407235Z","level":"info","event":"[Transformer] Added column: trip_duration_minutes","logger":"task.stdout"}
{"timestamp":"2026-04-09T17:39:05.410893Z","level":"info","event":"[Transformer] Added column: average_speed_mph","logger":"task.stdout"}
{"timestamp":"2026-04-09T17:39:05.416835Z","level":"info","event":"[Transformer] Added columns: pickup_year, pickup_month","logger":"task.stdout"}
{"timestamp":"2026-04-09T17:39:05.419046Z","level":"info","event":"[Transformer] Added column: revenue_per_mile","logger":"task.stdout"}
{"timestamp":"2026-04-09T17:39:05.421926Z","level":"info","event":"[Transformer] Added column: trip_distance_category","logger":"task.stdout"}
{"timestamp":"2026-04-09T17:39:05.424269Z","level":"info","event":"[Transformer] Added column: fare_category","logger":"task.stdout"}
{"timestamp":"2026-04-09T17:39:05.428083Z","level":"info","event":"[Transformer] Added column: trip_time_of_day","logger":"task.stdout"}
{"timestamp":"2026-04-09T17:39:05.684828Z","level":"info","event":"[Transformer] Dropped columns: ['VendorID', 'store_and_fwd_flag', 'RatecodeID']","logger":"task.stdout"}
{"timestamp":"2026-04-09T17:39:05.688798Z","level":"info","event":"[Transformer] Added column: trip_duration_minutes","logger":"task.stdout"}
{"timestamp":"2026-04-09T17:39:05.690744Z","level":"info","event":"[Transformer] Added column: average_speed_mph","logger":"task.stdout"}
{"timestamp":"2026-04-09T17:39:05.694782Z","level":"info","event":"[Transformer] Added columns: pickup_year, pickup_month","logger":"task.stdout"}
{"timestamp":"2026-04-09T17:39:05.696797Z","level":"info","event":"[Transformer] Added column: revenue_per_mile","logger":"task.stdout"}
{"timestamp":"2026-04-09T17:39:05.699788Z","level":"info","event":"[Transformer] Added column: trip_distance_category","logger":"task.stdout"}
{"timestamp":"2026-04-09T17:39:05.701767Z","level":"info","event":"[Transformer] Added column: fare_category","logger":"task.stdout"}
{"timestamp":"2026-04-09T17:39:05.704778Z","level":"info","event":"[Transformer] Added column: trip_time_of_day","logger":"task.stdout"}
{"timestamp":"2026-04-09T17:39:05.972787Z","level":"info","event":"[Transformer] Dropped columns: ['VendorID', 'store_and_fwd_flag', 'RatecodeID']","logger":"task.stdout"}
{"timestamp":"2026-04-09T17:39:05.974474Z","level":"info","event":"[Transformer] Added column: trip_duration_minutes","logger":"task.stdout"}
{"timestamp":"2026-04-09T17:39:05.978983Z","level":"info","event":"[Transformer] Added column: average_speed_mph","logger":"task.stdout"}
{"timestamp":"2026-04-09T17:39:05.984929Z","level":"info","event":"[Transformer] Added columns: pickup_year, pickup_month","logger":"task.stdout"}
{"timestamp":"2026-04-09T17:39:05.991782Z","level":"info","event":"[Transformer] Added column: revenue_per_mile","logger":"task.stdout"}
{"timestamp":"2026-04-09T17:39:05.992145Z","level":"info","event":"[Transformer] Added column: trip_distance_category","logger":"task.stdout"}
{"timestamp":"2026-04-09T17:39:05.994632Z","level":"info","event":"[Transformer] Added column: fare_category","logger":"task.stdout"}
{"timestamp":"2026-04-09T17:39:05.999490Z","level":"info","event":"[Transformer] Added column: trip_time_of_day","logger":"task.stdout"}
{"timestamp":"2026-04-09T17:39:06.325999Z","level":"info","event":"[Transformer] Dropped columns: ['VendorID', 'store_and_fwd_flag', 'RatecodeID']","logger":"task.stdout"}
{"timestamp":"2026-04-09T17:39:06.329042Z","level":"info","event":"[Transformer] Added column: trip_duration_minutes","logger":"task.stdout"}
{"timestamp":"2026-04-09T17:39:06.333904Z","level":"info","event":"[Transformer] Added column: average_speed_mph","logger":"task.stdout"}
{"timestamp":"2026-04-09T17:39:06.339260Z","level":"info","event":"[Transformer] Added columns: pickup_year, pickup_month","logger":"task.stdout"}
{"timestamp":"2026-04-09T17:39:06.342434Z","level":"info","event":"[Transformer] Added column: revenue_per_mile","logger":"task.stdout"}
{"timestamp":"2026-04-09T17:39:06.345756Z","level":"info","event":"[Transformer] Added column: trip_distance_category","logger":"task.stdout"}
{"timestamp":"2026-04-09T17:39:06.348044Z","level":"info","event":"[Transformer] Added column: fare_category","logger":"task.stdout"}
{"timestamp":"2026-04-09T17:39:06.352394Z","level":"info","event":"[Transformer] Added column: trip_time_of_day","logger":"task.stdout"}
{"timestamp":"2026-04-09T17:39:06.652071Z","level":"info","event":"[Transformer] Dropped columns: ['VendorID', 'store_and_fwd_flag', 'RatecodeID']","logger":"task.stdout"}
{"timestamp":"2026-04-09T17:39:06.656196Z","level":"info","event":"[Transformer] Added column: trip_duration_minutes","logger":"task.stdout"}
{"timestamp":"2026-04-09T17:39:06.660812Z","level":"info","event":"[Transformer] Added column: average_speed_mph","logger":"task.stdout"}
{"timestamp":"2026-04-09T17:39:06.664849Z","level":"info","event":"[Transformer] Added columns: pickup_year, pickup_month","logger":"task.stdout"}
{"timestamp":"2026-04-09T17:39:06.667803Z","level":"info","event":"[Transformer] Added column: revenue_per_mile","logger":"task.stdout"}
{"timestamp":"2026-04-09T17:39:06.670870Z","level":"info","event":"[Transformer] Added column: trip_distance_category","logger":"task.stdout"}
{"timestamp":"2026-04-09T17:39:06.672416Z","level":"info","event":"[Transformer] Added column: fare_category","logger":"task.stdout"}
{"timestamp":"2026-04-09T17:39:06.676820Z","level":"info","event":"[Transformer] Added column: trip_time_of_day","logger":"task.stdout"}
{"timestamp":"2026-04-09T17:39:06.758855Z","level":"info","event":"[Transformer] Processed 1500000 rows so far","logger":"task.stdout"}
{"timestamp":"2026-04-09T17:39:06.959812Z","level":"info","event":"[Transformer] Dropped columns: ['VendorID', 'store_and_fwd_flag', 'RatecodeID']","logger":"task.stdout"}
{"timestamp":"2026-04-09T17:39:06.962631Z","level":"info","event":"[Transformer] Added column: trip_duration_minutes","logger":"task.stdout"}
{"timestamp":"2026-04-09T17:39:06.966673Z","level":"info","event":"[Transformer] Added column: average_speed_mph","logger":"task.stdout"}
{"timestamp":"2026-04-09T17:39:06.972588Z","level":"info","event":"[Transformer] Added columns: pickup_year, pickup_month","logger":"task.stdout"}
{"timestamp":"2026-04-09T17:39:06.977753Z","level":"info","event":"[Transformer] Added column: revenue_per_mile","logger":"task.stdout"}
{"timestamp":"2026-04-09T17:39:06.978570Z","level":"info","event":"[Transformer] Added column: trip_distance_category","logger":"task.stdout"}
{"timestamp":"2026-04-09T17:39:06.981641Z","level":"info","event":"[Transformer] Added column: fare_category","logger":"task.stdout"}
{"timestamp":"2026-04-09T17:39:06.985785Z","level":"info","event":"[Transformer] Added column: trip_time_of_day","logger":"task.stdout"}
{"timestamp":"2026-04-09T17:39:07.264770Z","level":"info","event":"[Transformer] Dropped columns: ['VendorID', 'store_and_fwd_flag', 'RatecodeID']","logger":"task.stdout"}
{"timestamp":"2026-04-09T17:39:07.267854Z","level":"info","event":"[Transformer] Added column: trip_duration_minutes","logger":"task.stdout"}
{"timestamp":"2026-04-09T17:39:07.271514Z","level":"info","event":"[Transformer] Added column: average_speed_mph","logger":"task.stdout"}
{"timestamp":"2026-04-09T17:39:07.274774Z","level":"info","event":"[Transformer] Added columns: pickup_year, pickup_month","logger":"task.stdout"}
{"timestamp":"2026-04-09T17:39:07.275983Z","level":"info","event":"[Transformer] Added column: revenue_per_mile","logger":"task.stdout"}
{"timestamp":"2026-04-09T17:39:07.278910Z","level":"info","event":"[Transformer] Added column: trip_distance_category","logger":"task.stdout"}
{"timestamp":"2026-04-09T17:39:07.281880Z","level":"info","event":"[Transformer] Added column: fare_category","logger":"task.stdout"}
{"timestamp":"2026-04-09T17:39:07.284926Z","level":"info","event":"[Transformer] Added column: trip_time_of_day","logger":"task.stdout"}
{"timestamp":"2026-04-09T17:39:07.555938Z","level":"info","event":"[Transformer] Dropped columns: ['VendorID', 'store_and_fwd_flag', 'RatecodeID']","logger":"task.stdout"}
{"timestamp":"2026-04-09T17:39:07.556379Z","level":"info","event":"[Transformer] Added column: trip_duration_minutes","logger":"task.stdout"}
{"timestamp":"2026-04-09T17:39:07.558840Z","level":"info","event":"[Transformer] Added column: average_speed_mph","logger":"task.stdout"}
{"timestamp":"2026-04-09T17:39:07.562845Z","level":"info","event":"[Transformer] Added columns: pickup_year, pickup_month","logger":"task.stdout"}
{"timestamp":"2026-04-09T17:39:07.566481Z","level":"info","event":"[Transformer] Added column: revenue_per_mile","logger":"task.stdout"}
{"timestamp":"2026-04-09T17:39:07.570828Z","level":"info","event":"[Transformer] Added column: trip_distance_category","logger":"task.stdout"}
{"timestamp":"2026-04-09T17:39:07.572343Z","level":"info","event":"[Transformer] Added column: fare_category","logger":"task.stdout"}
{"timestamp":"2026-04-09T17:39:07.575215Z","level":"info","event":"[Transformer] Added column: trip_time_of_day","logger":"task.stdout"}
{"timestamp":"2026-04-09T17:39:07.847937Z","level":"info","event":"[Transformer] Dropped columns: ['VendorID', 'store_and_fwd_flag', 'RatecodeID']","logger":"task.stdout"}
{"timestamp":"2026-04-09T17:39:07.865533Z","level":"info","event":"[Transformer] Added column: trip_duration_minutes","logger":"task.stdout"}
{"timestamp":"2026-04-09T17:39:07.866098Z","level":"info","event":"[Transformer] Added column: average_speed_mph","logger":"task.stdout"}
{"timestamp":"2026-04-09T17:39:07.866464Z","level":"info","event":"[Transformer] Added columns: pickup_year, pickup_month","logger":"task.stdout"}
{"timestamp":"2026-04-09T17:39:07.867485Z","level":"info","event":"[Transformer] Added column: revenue_per_mile","logger":"task.stdout"}
{"timestamp":"2026-04-09T17:39:07.867787Z","level":"info","event":"[Transformer] Added column: trip_distance_category","logger":"task.stdout"}
{"timestamp":"2026-04-09T17:39:07.868203Z","level":"info","event":"[Transformer] Added column: fare_category","logger":"task.stdout"}
{"timestamp":"2026-04-09T17:39:07.870269Z","level":"info","event":"[Transformer] Added column: trip_time_of_day","logger":"task.stdout"}
{"timestamp":"2026-04-09T17:39:08.189777Z","level":"info","event":"[Transformer] Dropped columns: ['VendorID', 'store_and_fwd_flag', 'RatecodeID']","logger":"task.stdout"}
{"timestamp":"2026-04-09T17:39:08.192103Z","level":"info","event":"[Transformer] Added column: trip_duration_minutes","logger":"task.stdout"}
{"timestamp":"2026-04-09T17:39:08.199081Z","level":"info","event":"[Transformer] Added column: average_speed_mph","logger":"task.stdout"}
{"timestamp":"2026-04-09T17:39:08.203389Z","level":"info","event":"[Transformer] Added columns: pickup_year, pickup_month","logger":"task.stdout"}
{"timestamp":"2026-04-09T17:39:08.206759Z","level":"info","event":"[Transformer] Added column: revenue_per_mile","logger":"task.stdout"}
{"timestamp":"2026-04-09T17:39:08.209901Z","level":"info","event":"[Transformer] Added column: trip_distance_category","logger":"task.stdout"}
{"timestamp":"2026-04-09T17:39:08.213039Z","level":"info","event":"[Transformer] Added column: fare_category","logger":"task.stdout"}
{"timestamp":"2026-04-09T17:39:08.220186Z","level":"info","event":"[Transformer] Added column: trip_time_of_day","logger":"task.stdout"}
{"timestamp":"2026-04-09T17:39:08.522910Z","level":"info","event":"[Transformer] Dropped columns: ['VendorID', 'store_and_fwd_flag', 'RatecodeID']","logger":"task.stdout"}
{"timestamp":"2026-04-09T17:39:08.526836Z","level":"info","event":"[Transformer] Added column: trip_duration_minutes","logger":"task.stdout"}
{"timestamp":"2026-04-09T17:39:08.529285Z","level":"info","event":"[Transformer] Added column: average_speed_mph","logger":"task.stdout"}
{"timestamp":"2026-04-09T17:39:08.533042Z","level":"info","event":"[Transformer] Added columns: pickup_year, pickup_month","logger":"task.stdout"}
{"timestamp":"2026-04-09T17:39:08.537773Z","level":"info","event":"[Transformer] Added column: revenue_per_mile","logger":"task.stdout"}
{"timestamp":"2026-04-09T17:39:08.540891Z","level":"info","event":"[Transformer] Added column: trip_distance_category","logger":"task.stdout"}
{"timestamp":"2026-04-09T17:39:08.542845Z","level":"info","event":"[Transformer] Added column: fare_category","logger":"task.stdout"}
{"timestamp":"2026-04-09T17:39:08.546901Z","level":"info","event":"[Transformer] Added column: trip_time_of_day","logger":"task.stdout"}
{"timestamp":"2026-04-09T17:39:08.843644Z","level":"info","event":"[Transformer] Dropped columns: ['VendorID', 'store_and_fwd_flag', 'RatecodeID']","logger":"task.stdout"}
{"timestamp":"2026-04-09T17:39:08.847202Z","level":"info","event":"[Transformer] Added column: trip_duration_minutes","logger":"task.stdout"}
{"timestamp":"2026-04-09T17:39:08.853870Z","level":"info","event":"[Transformer] Added column: average_speed_mph","logger":"task.stdout"}
{"timestamp":"2026-04-09T17:39:08.857868Z","level":"info","event":"[Transformer] Added columns: pickup_year, pickup_month","logger":"task.stdout"}
{"timestamp":"2026-04-09T17:39:08.861899Z","level":"info","event":"[Transformer] Added column: revenue_per_mile","logger":"task.stdout"}
{"timestamp":"2026-04-09T17:39:08.864874Z","level":"info","event":"[Transformer] Added column: trip_distance_category","logger":"task.stdout"}
{"timestamp":"2026-04-09T17:39:08.868031Z","level":"info","event":"[Transformer] Added column: fare_category","logger":"task.stdout"}
{"timestamp":"2026-04-09T17:39:08.873334Z","level":"info","event":"[Transformer] Added column: trip_time_of_day","logger":"task.stdout"}
{"timestamp":"2026-04-09T17:39:09.170851Z","level":"info","event":"[Transformer] Dropped columns: ['VendorID', 'store_and_fwd_flag', 'RatecodeID']","logger":"task.stdout"}
{"timestamp":"2026-04-09T17:39:09.174820Z","level":"info","event":"[Transformer] Added column: trip_duration_minutes","logger":"task.stdout"}
{"timestamp":"2026-04-09T17:39:09.177118Z","level":"info","event":"[Transformer] Added column: average_speed_mph","logger":"task.stdout"}
{"timestamp":"2026-04-09T17:39:09.180996Z","level":"info","event":"[Transformer] Added columns: pickup_year, pickup_month","logger":"task.stdout"}
{"timestamp":"2026-04-09T17:39:09.185792Z","level":"info","event":"[Transformer] Added column: revenue_per_mile","logger":"task.stdout"}
{"timestamp":"2026-04-09T17:39:09.189821Z","level":"info","event":"[Transformer] Added column: trip_distance_category","logger":"task.stdout"}
{"timestamp":"2026-04-09T17:39:09.191437Z","level":"info","event":"[Transformer] Added column: fare_category","logger":"task.stdout"}
{"timestamp":"2026-04-09T17:39:09.195037Z","level":"info","event":"[Transformer] Added column: trip_time_of_day","logger":"task.stdout"}
{"timestamp":"2026-04-09T17:39:09.462866Z","level":"info","event":"[Transformer] Dropped columns: ['VendorID', 'store_and_fwd_flag', 'RatecodeID']","logger":"task.stdout"}
{"timestamp":"2026-04-09T17:39:09.465869Z","level":"info","event":"[Transformer] Added column: trip_duration_minutes","logger":"task.stdout"}
{"timestamp":"2026-04-09T17:39:09.470206Z","level":"info","event":"[Transformer] Added column: average_speed_mph","logger":"task.stdout"}
{"timestamp":"2026-04-09T17:39:09.473805Z","level":"info","event":"[Transformer] Added columns: pickup_year, pickup_month","logger":"task.stdout"}
{"timestamp":"2026-04-09T17:39:09.476555Z","level":"info","event":"[Transformer] Added column: revenue_per_mile","logger":"task.stdout"}
{"timestamp":"2026-04-09T17:39:09.479905Z","level":"info","event":"[Transformer] Added column: trip_distance_category","logger":"task.stdout"}
{"timestamp":"2026-04-09T17:39:09.481888Z","level":"info","event":"[Transformer] Added column: fare_category","logger":"task.stdout"}
{"timestamp":"2026-04-09T17:39:09.486897Z","level":"info","event":"[Transformer] Added column: trip_time_of_day","logger":"task.stdout"}
{"timestamp":"2026-04-09T17:39:09.747839Z","level":"info","event":"[Transformer] Dropped columns: ['VendorID', 'store_and_fwd_flag', 'RatecodeID']","logger":"task.stdout"}
{"timestamp":"2026-04-09T17:39:09.750949Z","level":"info","event":"[Transformer] Added column: trip_duration_minutes","logger":"task.stdout"}
{"timestamp":"2026-04-09T17:39:09.755895Z","level":"info","event":"[Transformer] Added column: average_speed_mph","logger":"task.stdout"}
{"timestamp":"2026-04-09T17:39:09.758889Z","level":"info","event":"[Transformer] Added columns: pickup_year, pickup_month","logger":"task.stdout"}
{"timestamp":"2026-04-09T17:39:09.761946Z","level":"info","event":"[Transformer] Added column: revenue_per_mile","logger":"task.stdout"}
{"timestamp":"2026-04-09T17:39:09.763597Z","level":"info","event":"[Transformer] Added column: trip_distance_category","logger":"task.stdout"}
{"timestamp":"2026-04-09T17:39:09.765902Z","level":"info","event":"[Transformer] Added column: fare_category","logger":"task.stdout"}
{"timestamp":"2026-04-09T17:39:09.770093Z","level":"info","event":"[Transformer] Added column: trip_time_of_day","logger":"task.stdout"}
{"timestamp":"2026-04-09T17:39:09.834657Z","level":"info","event":"[Transformer] Processed 2000000 rows so far","logger":"task.stdout"}
{"timestamp":"2026-04-09T17:39:10.021667Z","level":"info","event":"[Transformer] Dropped columns: ['VendorID', 'store_and_fwd_flag', 'RatecodeID']","logger":"task.stdout"}
{"timestamp":"2026-04-09T17:39:10.023862Z","level":"info","event":"[Transformer] Added column: trip_duration_minutes","logger":"task.stdout"}
{"timestamp":"2026-04-09T17:39:10.026960Z","level":"info","event":"[Transformer] Added column: average_speed_mph","logger":"task.stdout"}
{"timestamp":"2026-04-09T17:39:10.030841Z","level":"info","event":"[Transformer] Added columns: pickup_year, pickup_month","logger":"task.stdout"}
{"timestamp":"2026-04-09T17:39:10.033905Z","level":"info","event":"[Transformer] Added column: revenue_per_mile","logger":"task.stdout"}
{"timestamp":"2026-04-09T17:39:10.036141Z","level":"info","event":"[Transformer] Added column: trip_distance_category","logger":"task.stdout"}
{"timestamp":"2026-04-09T17:39:10.038855Z","level":"info","event":"[Transformer] Added column: fare_category","logger":"task.stdout"}
{"timestamp":"2026-04-09T17:39:10.041832Z","level":"info","event":"[Transformer] Added column: trip_time_of_day","logger":"task.stdout"}
{"timestamp":"2026-04-09T17:39:10.304878Z","level":"info","event":"[Transformer] Dropped columns: ['VendorID', 'store_and_fwd_flag', 'RatecodeID']","logger":"task.stdout"}
{"timestamp":"2026-04-09T17:39:10.306816Z","level":"info","event":"[Transformer] Added column: trip_duration_minutes","logger":"task.stdout"}
{"timestamp":"2026-04-09T17:39:10.309844Z","level":"info","event":"[Transformer] Added column: average_speed_mph","logger":"task.stdout"}
{"timestamp":"2026-04-09T17:39:10.312914Z","level":"info","event":"[Transformer] Added columns: pickup_year, pickup_month","logger":"task.stdout"}
{"timestamp":"2026-04-09T17:39:10.316975Z","level":"info","event":"[Transformer] Added column: revenue_per_mile","logger":"task.stdout"}
{"timestamp":"2026-04-09T17:39:10.319025Z","level":"info","event":"[Transformer] Added column: trip_distance_category","logger":"task.stdout"}
{"timestamp":"2026-04-09T17:39:10.322815Z","level":"info","event":"[Transformer] Added column: fare_category","logger":"task.stdout"}
{"timestamp":"2026-04-09T17:39:10.325196Z","level":"info","event":"[Transformer] Added column: trip_time_of_day","logger":"task.stdout"}
{"timestamp":"2026-04-09T17:39:10.591972Z","level":"info","event":"[Transformer] Dropped columns: ['VendorID', 'store_and_fwd_flag', 'RatecodeID']","logger":"task.stdout"}
{"timestamp":"2026-04-09T17:39:10.594984Z","level":"info","event":"[Transformer] Added column: trip_duration_minutes","logger":"task.stdout"}
{"timestamp":"2026-04-09T17:39:10.599947Z","level":"info","event":"[Transformer] Added column: average_speed_mph","logger":"task.stdout"}
{"timestamp":"2026-04-09T17:39:10.601775Z","level":"info","event":"[Transformer] Added columns: pickup_year, pickup_month","logger":"task.stdout"}
{"timestamp":"2026-04-09T17:39:10.605503Z","level":"info","event":"[Transformer] Added column: revenue_per_mile","logger":"task.stdout"}
{"timestamp":"2026-04-09T17:39:10.607664Z","level":"info","event":"[Transformer] Added column: trip_distance_category","logger":"task.stdout"}
{"timestamp":"2026-04-09T17:39:10.610653Z","level":"info","event":"[Transformer] Added column: fare_category","logger":"task.stdout"}
{"timestamp":"2026-04-09T17:39:10.612098Z","level":"info","event":"[Transformer] Added column: trip_time_of_day","logger":"task.stdout"}
{"timestamp":"2026-04-09T17:39:10.876965Z","level":"info","event":"[Transformer] Dropped columns: ['VendorID', 'store_and_fwd_flag', 'RatecodeID']","logger":"task.stdout"}
{"timestamp":"2026-04-09T17:39:10.879835Z","level":"info","event":"[Transformer] Added column: trip_duration_minutes","logger":"task.stdout"}
{"timestamp":"2026-04-09T17:39:10.883903Z","level":"info","event":"[Transformer] Added column: average_speed_mph","logger":"task.stdout"}
{"timestamp":"2026-04-09T17:39:10.886952Z","level":"info","event":"[Transformer] Added columns: pickup_year, pickup_month","logger":"task.stdout"}
{"timestamp":"2026-04-09T17:39:10.890397Z","level":"info","event":"[Transformer] Added column: revenue_per_mile","logger":"task.stdout"}
{"timestamp":"2026-04-09T17:39:10.893858Z","level":"info","event":"[Transformer] Added column: trip_distance_category","logger":"task.stdout"}
{"timestamp":"2026-04-09T17:39:10.894814Z","level":"info","event":"[Transformer] Added column: fare_category","logger":"task.stdout"}
{"timestamp":"2026-04-09T17:39:10.898943Z","level":"info","event":"[Transformer] Added column: trip_time_of_day","logger":"task.stdout"}
{"timestamp":"2026-04-09T17:39:11.176849Z","level":"info","event":"[Transformer] Dropped columns: ['VendorID', 'store_and_fwd_flag', 'RatecodeID']","logger":"task.stdout"}
{"timestamp":"2026-04-09T17:39:11.179025Z","level":"info","event":"[Transformer] Added column: trip_duration_minutes","logger":"task.stdout"}
{"timestamp":"2026-04-09T17:39:11.183871Z","level":"info","event":"[Transformer] Added column: average_speed_mph","logger":"task.stdout"}
{"timestamp":"2026-04-09T17:39:11.188887Z","level":"info","event":"[Transformer] Added columns: pickup_year, pickup_month","logger":"task.stdout"}
{"timestamp":"2026-04-09T17:39:11.191825Z","level":"info","event":"[Transformer] Added column: revenue_per_mile","logger":"task.stdout"}
{"timestamp":"2026-04-09T17:39:11.193234Z","level":"info","event":"[Transformer] Added column: trip_distance_category","logger":"task.stdout"}
{"timestamp":"2026-04-09T17:39:11.196919Z","level":"info","event":"[Transformer] Added column: fare_category","logger":"task.stdout"}
{"timestamp":"2026-04-09T17:39:11.199885Z","level":"info","event":"[Transformer] Added column: trip_time_of_day","logger":"task.stdout"}
{"timestamp":"2026-04-09T17:39:11.461838Z","level":"info","event":"[Transformer] Dropped columns: ['VendorID', 'store_and_fwd_flag', 'RatecodeID']","logger":"task.stdout"}
{"timestamp":"2026-04-09T17:39:11.463524Z","level":"info","event":"[Transformer] Added column: trip_duration_minutes","logger":"task.stdout"}
{"timestamp":"2026-04-09T17:39:11.468767Z","level":"info","event":"[Transformer] Added column: average_speed_mph","logger":"task.stdout"}
{"timestamp":"2026-04-09T17:39:11.472801Z","level":"info","event":"[Transformer] Added columns: pickup_year, pickup_month","logger":"task.stdout"}
{"timestamp":"2026-04-09T17:39:11.475083Z","level":"info","event":"[Transformer] Added column: revenue_per_mile","logger":"task.stdout"}
{"timestamp":"2026-04-09T17:39:11.477416Z","level":"info","event":"[Transformer] Added column: trip_distance_category","logger":"task.stdout"}
{"timestamp":"2026-04-09T17:39:11.480925Z","level":"info","event":"[Transformer] Added column: fare_category","logger":"task.stdout"}
{"timestamp":"2026-04-09T17:39:11.486116Z","level":"info","event":"[Transformer] Added column: trip_time_of_day","logger":"task.stdout"}
{"timestamp":"2026-04-09T17:39:11.772050Z","level":"info","event":"[Transformer] Dropped columns: ['VendorID', 'store_and_fwd_flag', 'RatecodeID']","logger":"task.stdout"}
{"timestamp":"2026-04-09T17:39:11.782017Z","level":"info","event":"[Transformer] Added column: trip_duration_minutes","logger":"task.stdout"}
{"timestamp":"2026-04-09T17:39:11.790821Z","level":"info","event":"[Transformer] Added column: average_speed_mph","logger":"task.stdout"}
{"timestamp":"2026-04-09T17:39:11.810028Z","level":"info","event":"[Transformer] Added columns: pickup_year, pickup_month","logger":"task.stdout"}
{"timestamp":"2026-04-09T17:39:11.832072Z","level":"info","event":"[Transformer] Added column: revenue_per_mile","logger":"task.stdout"}
{"timestamp":"2026-04-09T17:39:11.838387Z","level":"info","event":"[Transformer] Added column: trip_distance_category","logger":"task.stdout"}
{"timestamp":"2026-04-09T17:39:11.842223Z","level":"info","event":"[Transformer] Added column: fare_category","logger":"task.stdout"}
{"timestamp":"2026-04-09T17:39:11.846800Z","level":"info","event":"[Transformer] Added column: trip_time_of_day","logger":"task.stdout"}
{"timestamp":"2026-04-09T17:39:12.192877Z","level":"info","event":"[Transformer] Dropped columns: ['VendorID', 'store_and_fwd_flag', 'RatecodeID']","logger":"task.stdout"}
{"timestamp":"2026-04-09T17:39:12.195015Z","level":"info","event":"[Transformer] Added column: trip_duration_minutes","logger":"task.stdout"}
{"timestamp":"2026-04-09T17:39:12.200544Z","level":"info","event":"[Transformer] Added column: average_speed_mph","logger":"task.stdout"}
{"timestamp":"2026-04-09T17:39:12.205494Z","level":"info","event":"[Transformer] Added columns: pickup_year, pickup_month","logger":"task.stdout"}
{"timestamp":"2026-04-09T17:39:12.209851Z","level":"info","event":"[Transformer] Added column: revenue_per_mile","logger":"task.stdout"}
{"timestamp":"2026-04-09T17:39:12.212893Z","level":"info","event":"[Transformer] Added column: trip_distance_category","logger":"task.stdout"}
{"timestamp":"2026-04-09T17:39:12.216513Z","level":"info","event":"[Transformer] Added column: fare_category","logger":"task.stdout"}
{"timestamp":"2026-04-09T17:39:12.221454Z","level":"info","event":"[Transformer] Added column: trip_time_of_day","logger":"task.stdout"}
{"timestamp":"2026-04-09T17:39:12.554675Z","level":"info","event":"[Transformer] Dropped columns: ['VendorID', 'store_and_fwd_flag', 'RatecodeID']","logger":"task.stdout"}
{"timestamp":"2026-04-09T17:39:12.556826Z","level":"info","event":"[Transformer] Added column: trip_duration_minutes","logger":"task.stdout"}
{"timestamp":"2026-04-09T17:39:12.561998Z","level":"info","event":"[Transformer] Added column: average_speed_mph","logger":"task.stdout"}
{"timestamp":"2026-04-09T17:39:12.565984Z","level":"info","event":"[Transformer] Added columns: pickup_year, pickup_month","logger":"task.stdout"}
{"timestamp":"2026-04-09T17:39:12.570938Z","level":"info","event":"[Transformer] Added column: revenue_per_mile","logger":"task.stdout"}
{"timestamp":"2026-04-09T17:39:12.573865Z","level":"info","event":"[Transformer] Added column: trip_distance_category","logger":"task.stdout"}
{"timestamp":"2026-04-09T17:39:12.575846Z","level":"info","event":"[Transformer] Added column: fare_category","logger":"task.stdout"}
{"timestamp":"2026-04-09T17:39:12.579984Z","level":"info","event":"[Transformer] Added column: trip_time_of_day","logger":"task.stdout"}
{"timestamp":"2026-04-09T17:39:12.871692Z","level":"info","event":"[Transformer] Dropped columns: ['VendorID', 'store_and_fwd_flag', 'RatecodeID']","logger":"task.stdout"}
{"timestamp":"2026-04-09T17:39:12.890478Z","level":"info","event":"[Transformer] Added column: trip_duration_minutes","logger":"task.stdout"}
{"timestamp":"2026-04-09T17:39:12.890818Z","level":"info","event":"[Transformer] Added column: average_speed_mph","logger":"task.stdout"}
{"timestamp":"2026-04-09T17:39:12.891139Z","level":"info","event":"[Transformer] Added columns: pickup_year, pickup_month","logger":"task.stdout"}
{"timestamp":"2026-04-09T17:39:12.891862Z","level":"info","event":"[Transformer] Added column: revenue_per_mile","logger":"task.stdout"}
{"timestamp":"2026-04-09T17:39:12.892431Z","level":"info","event":"[Transformer] Added column: trip_distance_category","logger":"task.stdout"}
{"timestamp":"2026-04-09T17:39:12.892848Z","level":"info","event":"[Transformer] Added column: fare_category","logger":"task.stdout"}
{"timestamp":"2026-04-09T17:39:12.895145Z","level":"info","event":"[Transformer] Added column: trip_time_of_day","logger":"task.stdout"}
{"timestamp":"2026-04-09T17:39:12.977370Z","level":"info","event":"[Transformer] Processed 2500000 rows so far","logger":"task.stdout"}
{"timestamp":"2026-04-09T17:39:13.171066Z","level":"info","event":"[Transformer] Dropped columns: ['VendorID', 'store_and_fwd_flag', 'RatecodeID']","logger":"task.stdout"}
{"timestamp":"2026-04-09T17:39:13.173879Z","level":"info","event":"[Transformer] Added column: trip_duration_minutes","logger":"task.stdout"}
{"timestamp":"2026-04-09T17:39:13.177903Z","level":"info","event":"[Transformer] Added column: average_speed_mph","logger":"task.stdout"}
{"timestamp":"2026-04-09T17:39:13.181580Z","level":"info","event":"[Transformer] Added columns: pickup_year, pickup_month","logger":"task.stdout"}
{"timestamp":"2026-04-09T17:39:13.187910Z","level":"info","event":"[Transformer] Added column: revenue_per_mile","logger":"task.stdout"}
{"timestamp":"2026-04-09T17:39:13.188259Z","level":"info","event":"[Transformer] Added column: trip_distance_category","logger":"task.stdout"}
{"timestamp":"2026-04-09T17:39:13.189887Z","level":"info","event":"[Transformer] Added column: fare_category","logger":"task.stdout"}
{"timestamp":"2026-04-09T17:39:13.192853Z","level":"info","event":"[Transformer] Added column: trip_time_of_day","logger":"task.stdout"}
{"timestamp":"2026-04-09T17:39:13.485846Z","level":"info","event":"[Transformer] Dropped columns: ['VendorID', 'store_and_fwd_flag', 'RatecodeID']","logger":"task.stdout"}
{"timestamp":"2026-04-09T17:39:13.488023Z","level":"info","event":"[Transformer] Added column: trip_duration_minutes","logger":"task.stdout"}
{"timestamp":"2026-04-09T17:39:13.491716Z","level":"info","event":"[Transformer] Added column: average_speed_mph","logger":"task.stdout"}
{"timestamp":"2026-04-09T17:39:13.495851Z","level":"info","event":"[Transformer] Added columns: pickup_year, pickup_month","logger":"task.stdout"}
{"timestamp":"2026-04-09T17:39:13.499640Z","level":"info","event":"[Transformer] Added column: revenue_per_mile","logger":"task.stdout"}
{"timestamp":"2026-04-09T17:39:13.502846Z","level":"info","event":"[Transformer] Added column: trip_distance_category","logger":"task.stdout"}
{"timestamp":"2026-04-09T17:39:13.505323Z","level":"info","event":"[Transformer] Added column: fare_category","logger":"task.stdout"}
{"timestamp":"2026-04-09T17:39:13.510771Z","level":"info","event":"[Transformer] Added column: trip_time_of_day","logger":"task.stdout"}
{"timestamp":"2026-04-09T17:39:13.838336Z","level":"info","event":"[Transformer] Dropped columns: ['VendorID', 'store_and_fwd_flag', 'RatecodeID']","logger":"task.stdout"}
{"timestamp":"2026-04-09T17:39:13.841616Z","level":"info","event":"[Transformer] Added column: trip_duration_minutes","logger":"task.stdout"}
{"timestamp":"2026-04-09T17:39:13.846429Z","level":"info","event":"[Transformer] Added column: average_speed_mph","logger":"task.stdout"}
{"timestamp":"2026-04-09T17:39:13.851248Z","level":"info","event":"[Transformer] Added columns: pickup_year, pickup_month","logger":"task.stdout"}
{"timestamp":"2026-04-09T17:39:13.855516Z","level":"info","event":"[Transformer] Added column: revenue_per_mile","logger":"task.stdout"}
{"timestamp":"2026-04-09T17:39:13.858653Z","level":"info","event":"[Transformer] Added column: trip_distance_category","logger":"task.stdout"}
{"timestamp":"2026-04-09T17:39:13.861373Z","level":"info","event":"[Transformer] Added column: fare_category","logger":"task.stdout"}
{"timestamp":"2026-04-09T17:39:13.866546Z","level":"info","event":"[Transformer] Added column: trip_time_of_day","logger":"task.stdout"}
{"timestamp":"2026-04-09T17:39:14.211423Z","level":"info","event":"[Transformer] Dropped columns: ['VendorID', 'store_and_fwd_flag', 'RatecodeID']","logger":"task.stdout"}
{"timestamp":"2026-04-09T17:39:14.214131Z","level":"info","event":"[Transformer] Added column: trip_duration_minutes","logger":"task.stdout"}
{"timestamp":"2026-04-09T17:39:14.221001Z","level":"info","event":"[Transformer] Added column: average_speed_mph","logger":"task.stdout"}
{"timestamp":"2026-04-09T17:39:14.225953Z","level":"info","event":"[Transformer] Added columns: pickup_year, pickup_month","logger":"task.stdout"}
{"timestamp":"2026-04-09T17:39:14.230493Z","level":"info","event":"[Transformer] Added column: revenue_per_mile","logger":"task.stdout"}
{"timestamp":"2026-04-09T17:39:14.234056Z","level":"info","event":"[Transformer] Added column: trip_distance_category","logger":"task.stdout"}
{"timestamp":"2026-04-09T17:39:14.237789Z","level":"info","event":"[Transformer] Added column: fare_category","logger":"task.stdout"}
{"timestamp":"2026-04-09T17:39:14.241860Z","level":"info","event":"[Transformer] Added column: trip_time_of_day","logger":"task.stdout"}
{"timestamp":"2026-04-09T17:39:14.563496Z","level":"info","event":"[Transformer] Dropped columns: ['VendorID', 'store_and_fwd_flag', 'RatecodeID']","logger":"task.stdout"}
{"timestamp":"2026-04-09T17:39:14.566995Z","level":"info","event":"[Transformer] Added column: trip_duration_minutes","logger":"task.stdout"}
{"timestamp":"2026-04-09T17:39:14.572265Z","level":"info","event":"[Transformer] Added column: average_speed_mph","logger":"task.stdout"}
{"timestamp":"2026-04-09T17:39:14.575719Z","level":"info","event":"[Transformer] Added columns: pickup_year, pickup_month","logger":"task.stdout"}
{"timestamp":"2026-04-09T17:39:14.579848Z","level":"info","event":"[Transformer] Added column: revenue_per_mile","logger":"task.stdout"}
{"timestamp":"2026-04-09T17:39:14.583583Z","level":"info","event":"[Transformer] Added column: trip_distance_category","logger":"task.stdout"}
{"timestamp":"2026-04-09T17:39:14.587316Z","level":"info","event":"[Transformer] Added column: fare_category","logger":"task.stdout"}
{"timestamp":"2026-04-09T17:39:14.591885Z","level":"info","event":"[Transformer] Added column: trip_time_of_day","logger":"task.stdout"}
{"timestamp":"2026-04-09T17:39:14.922514Z","level":"info","event":"[Transformer] Dropped columns: ['VendorID', 'store_and_fwd_flag', 'RatecodeID']","logger":"task.stdout"}
{"timestamp":"2026-04-09T17:39:14.924859Z","level":"info","event":"[Transformer] Added column: trip_duration_minutes","logger":"task.stdout"}
{"timestamp":"2026-04-09T17:39:14.928712Z","level":"info","event":"[Transformer] Added column: average_speed_mph","logger":"task.stdout"}
{"timestamp":"2026-04-09T17:39:14.932686Z","level":"info","event":"[Transformer] Added columns: pickup_year, pickup_month","logger":"task.stdout"}
{"timestamp":"2026-04-09T17:39:14.938009Z","level":"info","event":"[Transformer] Added column: revenue_per_mile","logger":"task.stdout"}
{"timestamp":"2026-04-09T17:39:14.940918Z","level":"info","event":"[Transformer] Added column: trip_distance_category","logger":"task.stdout"}
{"timestamp":"2026-04-09T17:39:14.943928Z","level":"info","event":"[Transformer] Added column: fare_category","logger":"task.stdout"}
{"timestamp":"2026-04-09T17:39:14.947919Z","level":"info","event":"[Transformer] Added column: trip_time_of_day","logger":"task.stdout"}
{"timestamp":"2026-04-09T17:39:15.306442Z","level":"info","event":"[Transformer] Dropped columns: ['VendorID', 'store_and_fwd_flag', 'RatecodeID']","logger":"task.stdout"}
{"timestamp":"2026-04-09T17:39:15.308816Z","level":"info","event":"[Transformer] Added column: trip_duration_minutes","logger":"task.stdout"}
{"timestamp":"2026-04-09T17:39:15.314160Z","level":"info","event":"[Transformer] Added column: average_speed_mph","logger":"task.stdout"}
{"timestamp":"2026-04-09T17:39:15.318479Z","level":"info","event":"[Transformer] Added columns: pickup_year, pickup_month","logger":"task.stdout"}
{"timestamp":"2026-04-09T17:39:15.322882Z","level":"info","event":"[Transformer] Added column: revenue_per_mile","logger":"task.stdout"}
{"timestamp":"2026-04-09T17:39:15.326329Z","level":"info","event":"[Transformer] Added column: trip_distance_category","logger":"task.stdout"}
{"timestamp":"2026-04-09T17:39:15.329782Z","level":"info","event":"[Transformer] Added column: fare_category","logger":"task.stdout"}
{"timestamp":"2026-04-09T17:39:15.336877Z","level":"info","event":"[Transformer] Added column: trip_time_of_day","logger":"task.stdout"}
{"timestamp":"2026-04-09T17:39:15.662996Z","level":"info","event":"[Transformer] Dropped columns: ['VendorID', 'store_and_fwd_flag', 'RatecodeID']","logger":"task.stdout"}
{"timestamp":"2026-04-09T17:39:15.666867Z","level":"info","event":"[Transformer] Added column: trip_duration_minutes","logger":"task.stdout"}
{"timestamp":"2026-04-09T17:39:15.671263Z","level":"info","event":"[Transformer] Added column: average_speed_mph","logger":"task.stdout"}
{"timestamp":"2026-04-09T17:39:15.675897Z","level":"info","event":"[Transformer] Added columns: pickup_year, pickup_month","logger":"task.stdout"}
{"timestamp":"2026-04-09T17:39:15.679906Z","level":"info","event":"[Transformer] Added column: revenue_per_mile","logger":"task.stdout"}
{"timestamp":"2026-04-09T17:39:15.680871Z","level":"info","event":"[Transformer] Added column: trip_distance_category","logger":"task.stdout"}
{"timestamp":"2026-04-09T17:39:15.684555Z","level":"info","event":"[Transformer] Added column: fare_category","logger":"task.stdout"}
{"timestamp":"2026-04-09T17:39:15.690866Z","level":"info","event":"[Transformer] Added column: trip_time_of_day","logger":"task.stdout"}
{"timestamp":"2026-04-09T17:39:16.014699Z","level":"info","event":"[Transformer] Dropped columns: ['VendorID', 'store_and_fwd_flag', 'RatecodeID']","logger":"task.stdout"}
{"timestamp":"2026-04-09T17:39:16.018706Z","level":"info","event":"[Transformer] Added column: trip_duration_minutes","logger":"task.stdout"}
{"timestamp":"2026-04-09T17:39:16.023846Z","level":"info","event":"[Transformer] Added column: average_speed_mph","logger":"task.stdout"}
{"timestamp":"2026-04-09T17:39:16.028145Z","level":"info","event":"[Transformer] Added columns: pickup_year, pickup_month","logger":"task.stdout"}
{"timestamp":"2026-04-09T17:39:16.031858Z","level":"info","event":"[Transformer] Added column: revenue_per_mile","logger":"task.stdout"}
{"timestamp":"2026-04-09T17:39:16.035691Z","level":"info","event":"[Transformer] Added column: trip_distance_category","logger":"task.stdout"}
{"timestamp":"2026-04-09T17:39:16.039663Z","level":"info","event":"[Transformer] Added column: fare_category","logger":"task.stdout"}
{"timestamp":"2026-04-09T17:39:16.045807Z","level":"info","event":"[Transformer] Added column: trip_time_of_day","logger":"task.stdout"}
{"timestamp":"2026-04-09T17:39:16.391902Z","level":"info","event":"[Transformer] Dropped columns: ['VendorID', 'store_and_fwd_flag', 'RatecodeID']","logger":"task.stdout"}
{"timestamp":"2026-04-09T17:39:16.394909Z","level":"info","event":"[Transformer] Added column: trip_duration_minutes","logger":"task.stdout"}
{"timestamp":"2026-04-09T17:39:16.398884Z","level":"info","event":"[Transformer] Added column: average_speed_mph","logger":"task.stdout"}
{"timestamp":"2026-04-09T17:39:16.403924Z","level":"info","event":"[Transformer] Added columns: pickup_year, pickup_month","logger":"task.stdout"}
{"timestamp":"2026-04-09T17:39:16.407852Z","level":"info","event":"[Transformer] Added column: revenue_per_mile","logger":"task.stdout"}
{"timestamp":"2026-04-09T17:39:16.409322Z","level":"info","event":"[Transformer] Added column: trip_distance_category","logger":"task.stdout"}
{"timestamp":"2026-04-09T17:39:16.412818Z","level":"info","event":"[Transformer] Added column: fare_category","logger":"task.stdout"}
{"timestamp":"2026-04-09T17:39:16.417965Z","level":"info","event":"[Transformer] Added column: trip_time_of_day","logger":"task.stdout"}
{"timestamp":"2026-04-09T17:39:16.496082Z","level":"info","event":"[Transformer] Processed 3000000 rows so far","logger":"task.stdout"}
{"timestamp":"2026-04-09T17:39:16.756971Z","level":"info","event":"[Transformer] Dropped columns: ['VendorID', 'store_and_fwd_flag', 'RatecodeID']","logger":"task.stdout"}
{"timestamp":"2026-04-09T17:39:16.759894Z","level":"info","event":"[Transformer] Added column: trip_duration_minutes","logger":"task.stdout"}
{"timestamp":"2026-04-09T17:39:16.766059Z","level":"info","event":"[Transformer] Added column: average_speed_mph","logger":"task.stdout"}
{"timestamp":"2026-04-09T17:39:16.769975Z","level":"info","event":"[Transformer] Added columns: pickup_year, pickup_month","logger":"task.stdout"}
{"timestamp":"2026-04-09T17:39:16.774859Z","level":"info","event":"[Transformer] Added column: revenue_per_mile","logger":"task.stdout"}
{"timestamp":"2026-04-09T17:39:16.778766Z","level":"info","event":"[Transformer] Added column: trip_distance_category","logger":"task.stdout"}
{"timestamp":"2026-04-09T17:39:16.781638Z","level":"info","event":"[Transformer] Added column: fare_category","logger":"task.stdout"}
{"timestamp":"2026-04-09T17:39:16.788868Z","level":"info","event":"[Transformer] Added column: trip_time_of_day","logger":"task.stdout"}
{"timestamp":"2026-04-09T17:39:17.155286Z","level":"info","event":"[Transformer] Dropped columns: ['VendorID', 'store_and_fwd_flag', 'RatecodeID']","logger":"task.stdout"}
{"timestamp":"2026-04-09T17:39:17.158820Z","level":"info","event":"[Transformer] Added column: trip_duration_minutes","logger":"task.stdout"}
{"timestamp":"2026-04-09T17:39:17.163878Z","level":"info","event":"[Transformer] Added column: average_speed_mph","logger":"task.stdout"}
{"timestamp":"2026-04-09T17:39:17.169970Z","level":"info","event":"[Transformer] Added columns: pickup_year, pickup_month","logger":"task.stdout"}
{"timestamp":"2026-04-09T17:39:17.175502Z","level":"info","event":"[Transformer] Added column: revenue_per_mile","logger":"task.stdout"}
{"timestamp":"2026-04-09T17:39:17.177443Z","level":"info","event":"[Transformer] Added column: trip_distance_category","logger":"task.stdout"}
{"timestamp":"2026-04-09T17:39:17.181891Z","level":"info","event":"[Transformer] Added column: fare_category","logger":"task.stdout"}
{"timestamp":"2026-04-09T17:39:17.187889Z","level":"info","event":"[Transformer] Added column: trip_time_of_day","logger":"task.stdout"}
{"timestamp":"2026-04-09T17:39:17.575844Z","level":"info","event":"[Transformer] Dropped columns: ['VendorID', 'store_and_fwd_flag', 'RatecodeID']","logger":"task.stdout"}
{"timestamp":"2026-04-09T17:39:17.577854Z","level":"info","event":"[Transformer] Added column: trip_duration_minutes","logger":"task.stdout"}
{"timestamp":"2026-04-09T17:39:17.583775Z","level":"info","event":"[Transformer] Added column: average_speed_mph","logger":"task.stdout"}
{"timestamp":"2026-04-09T17:39:17.590435Z","level":"info","event":"[Transformer] Added columns: pickup_year, pickup_month","logger":"task.stdout"}
{"timestamp":"2026-04-09T17:39:17.593898Z","level":"info","event":"[Transformer] Added column: revenue_per_mile","logger":"task.stdout"}
{"timestamp":"2026-04-09T17:39:17.596952Z","level":"info","event":"[Transformer] Added column: trip_distance_category","logger":"task.stdout"}
{"timestamp":"2026-04-09T17:39:17.600344Z","level":"info","event":"[Transformer] Added column: fare_category","logger":"task.stdout"}
{"timestamp":"2026-04-09T17:39:17.605931Z","level":"info","event":"[Transformer] Added column: trip_time_of_day","logger":"task.stdout"}
{"timestamp":"2026-04-09T17:39:17.961991Z","level":"info","event":"[Transformer] Dropped columns: ['VendorID', 'store_and_fwd_flag', 'RatecodeID']","logger":"task.stdout"}
{"timestamp":"2026-04-09T17:39:17.992447Z","level":"info","event":"[Transformer] Added column: trip_duration_minutes","logger":"task.stdout"}
{"timestamp":"2026-04-09T17:39:17.993242Z","level":"info","event":"[Transformer] Added column: average_speed_mph","logger":"task.stdout"}
{"timestamp":"2026-04-09T17:39:17.993843Z","level":"info","event":"[Transformer] Added columns: pickup_year, pickup_month","logger":"task.stdout"}
{"timestamp":"2026-04-09T17:39:17.995497Z","level":"info","event":"[Transformer] Added column: revenue_per_mile","logger":"task.stdout"}
{"timestamp":"2026-04-09T17:39:17.996054Z","level":"info","event":"[Transformer] Added column: trip_distance_category","logger":"task.stdout"}
{"timestamp":"2026-04-09T17:39:17.996555Z","level":"info","event":"[Transformer] Added column: fare_category","logger":"task.stdout"}
{"timestamp":"2026-04-09T17:39:17.997182Z","level":"info","event":"[Transformer] Added column: trip_time_of_day","logger":"task.stdout"}
{"timestamp":"2026-04-09T17:39:18.591618Z","level":"info","event":"[Transformer] Dropped columns: ['VendorID', 'store_and_fwd_flag', 'RatecodeID']","logger":"task.stdout"}
{"timestamp":"2026-04-09T17:39:18.596358Z","level":"info","event":"[Transformer] Added column: trip_duration_minutes","logger":"task.stdout"}
{"timestamp":"2026-04-09T17:39:18.607552Z","level":"info","event":"[Transformer] Added column: average_speed_mph","logger":"task.stdout"}
{"timestamp":"2026-04-09T17:39:18.613932Z","level":"info","event":"[Transformer] Added columns: pickup_year, pickup_month","logger":"task.stdout"}
{"timestamp":"2026-04-09T17:39:18.620266Z","level":"info","event":"[Transformer] Added column: revenue_per_mile","logger":"task.stdout"}
{"timestamp":"2026-04-09T17:39:18.626945Z","level":"info","event":"[Transformer] Added column: trip_distance_category","logger":"task.stdout"}
{"timestamp":"2026-04-09T17:39:18.629409Z","level":"info","event":"[Transformer] Added column: fare_category","logger":"task.stdout"}
{"timestamp":"2026-04-09T17:39:18.637702Z","level":"info","event":"[Transformer] Added column: trip_time_of_day","logger":"task.stdout"}
{"timestamp":"2026-04-09T17:39:19.025996Z","level":"info","event":"[Transformer] Dropped columns: ['VendorID', 'store_and_fwd_flag', 'RatecodeID']","logger":"task.stdout"}
{"timestamp":"2026-04-09T17:39:19.029280Z","level":"info","event":"[Transformer] Added column: trip_duration_minutes","logger":"task.stdout"}
{"timestamp":"2026-04-09T17:39:19.037087Z","level":"info","event":"[Transformer] Added column: average_speed_mph","logger":"task.stdout"}
{"timestamp":"2026-04-09T17:39:19.042863Z","level":"info","event":"[Transformer] Added columns: pickup_year, pickup_month","logger":"task.stdout"}
{"timestamp":"2026-04-09T17:39:19.052486Z","level":"info","event":"[Transformer] Added column: revenue_per_mile","logger":"task.stdout"}
{"timestamp":"2026-04-09T17:39:19.056220Z","level":"info","event":"[Transformer] Added column: trip_distance_category","logger":"task.stdout"}
{"timestamp":"2026-04-09T17:39:19.063907Z","level":"info","event":"[Transformer] Added column: fare_category","logger":"task.stdout"}
{"timestamp":"2026-04-09T17:39:19.064964Z","level":"info","event":"[Transformer] Added column: trip_time_of_day","logger":"task.stdout"}
{"timestamp":"2026-04-09T17:39:19.467023Z","level":"info","event":"[Transformer] Dropped columns: ['VendorID', 'store_and_fwd_flag', 'RatecodeID']","logger":"task.stdout"}
{"timestamp":"2026-04-09T17:39:19.470630Z","level":"info","event":"[Transformer] Added column: trip_duration_minutes","logger":"task.stdout"}
{"timestamp":"2026-04-09T17:39:19.478931Z","level":"info","event":"[Transformer] Added column: average_speed_mph","logger":"task.stdout"}
{"timestamp":"2026-04-09T17:39:19.484094Z","level":"info","event":"[Transformer] Added columns: pickup_year, pickup_month","logger":"task.stdout"}
{"timestamp":"2026-04-09T17:39:19.490681Z","level":"info","event":"[Transformer] Added column: revenue_per_mile","logger":"task.stdout"}
{"timestamp":"2026-04-09T17:39:19.495413Z","level":"info","event":"[Transformer] Added column: trip_distance_category","logger":"task.stdout"}
{"timestamp":"2026-04-09T17:39:19.499954Z","level":"info","event":"[Transformer] Added column: fare_category","logger":"task.stdout"}
{"timestamp":"2026-04-09T17:39:19.506008Z","level":"info","event":"[Transformer] Added column: trip_time_of_day","logger":"task.stdout"}
{"timestamp":"2026-04-09T17:39:20.001080Z","level":"info","event":"[Transformer] Dropped columns: ['VendorID', 'store_and_fwd_flag', 'RatecodeID']","logger":"task.stdout"}
{"timestamp":"2026-04-09T17:39:20.006994Z","level":"info","event":"[Transformer] Added column: trip_duration_minutes","logger":"task.stdout"}
{"timestamp":"2026-04-09T17:39:20.014817Z","level":"info","event":"[Transformer] Added column: average_speed_mph","logger":"task.stdout"}
{"timestamp":"2026-04-09T17:39:20.022355Z","level":"info","event":"[Transformer] Added columns: pickup_year, pickup_month","logger":"task.stdout"}
{"timestamp":"2026-04-09T17:39:20.029035Z","level":"info","event":"[Transformer] Added column: revenue_per_mile","logger":"task.stdout"}
{"timestamp":"2026-04-09T17:39:20.037896Z","level":"info","event":"[Transformer] Added column: trip_distance_category","logger":"task.stdout"}
{"timestamp":"2026-04-09T17:39:20.041790Z","level":"info","event":"[Transformer] Added column: fare_category","logger":"task.stdout"}
{"timestamp":"2026-04-09T17:39:20.048877Z","level":"info","event":"[Transformer] Added column: trip_time_of_day","logger":"task.stdout"}
{"timestamp":"2026-04-09T17:39:20.562345Z","level":"info","event":"[Transformer] Dropped columns: ['VendorID', 'store_and_fwd_flag', 'RatecodeID']","logger":"task.stdout"}
{"timestamp":"2026-04-09T17:39:20.568712Z","level":"info","event":"[Transformer] Added column: trip_duration_minutes","logger":"task.stdout"}
{"timestamp":"2026-04-09T17:39:20.576096Z","level":"info","event":"[Transformer] Added column: average_speed_mph","logger":"task.stdout"}
{"timestamp":"2026-04-09T17:39:20.582013Z","level":"info","event":"[Transformer] Added columns: pickup_year, pickup_month","logger":"task.stdout"}
{"timestamp":"2026-04-09T17:39:20.588564Z","level":"info","event":"[Transformer] Added column: revenue_per_mile","logger":"task.stdout"}
{"timestamp":"2026-04-09T17:39:20.593596Z","level":"info","event":"[Transformer] Added column: trip_distance_category","logger":"task.stdout"}
{"timestamp":"2026-04-09T17:39:20.597191Z","level":"info","event":"[Transformer] Added column: fare_category","logger":"task.stdout"}
{"timestamp":"2026-04-09T17:39:20.602980Z","level":"info","event":"[Transformer] Added column: trip_time_of_day","logger":"task.stdout"}
{"timestamp":"2026-04-09T17:39:21.160950Z","level":"info","event":"[Transformer] Dropped columns: ['VendorID', 'store_and_fwd_flag', 'RatecodeID']","logger":"task.stdout"}
{"timestamp":"2026-04-09T17:39:21.166993Z","level":"info","event":"[Transformer] Added column: trip_duration_minutes","logger":"task.stdout"}
{"timestamp":"2026-04-09T17:39:21.175275Z","level":"info","event":"[Transformer] Added column: average_speed_mph","logger":"task.stdout"}
{"timestamp":"2026-04-09T17:39:21.183922Z","level":"info","event":"[Transformer] Added columns: pickup_year, pickup_month","logger":"task.stdout"}
{"timestamp":"2026-04-09T17:39:21.190946Z","level":"info","event":"[Transformer] Added column: revenue_per_mile","logger":"task.stdout"}
{"timestamp":"2026-04-09T17:39:21.198855Z","level":"info","event":"[Transformer] Added column: trip_distance_category","logger":"task.stdout"}
{"timestamp":"2026-04-09T17:39:21.202996Z","level":"info","event":"[Transformer] Added column: fare_category","logger":"task.stdout"}
{"timestamp":"2026-04-09T17:39:21.207849Z","level":"info","event":"[Transformer] Added column: trip_time_of_day","logger":"task.stdout"}
{"timestamp":"2026-04-09T17:39:21.399264Z","level":"info","event":"[Transformer] Processed 3500000 rows so far","logger":"task.stdout"}
{"timestamp":"2026-04-09T17:39:21.803481Z","level":"info","event":"[Transformer] Dropped columns: ['VendorID', 'store_and_fwd_flag', 'RatecodeID']","logger":"task.stdout"}
{"timestamp":"2026-04-09T17:39:21.851513Z","level":"info","event":"[Transformer] Added column: trip_duration_minutes","logger":"task.stdout"}
{"timestamp":"2026-04-09T17:39:21.873911Z","level":"info","event":"[Transformer] Added column: average_speed_mph","logger":"task.stdout"}
{"timestamp":"2026-04-09T17:39:21.899358Z","level":"info","event":"[Transformer] Added columns: pickup_year, pickup_month","logger":"task.stdout"}
{"timestamp":"2026-04-09T17:39:21.928882Z","level":"info","event":"[Transformer] Added column: revenue_per_mile","logger":"task.stdout"}
{"timestamp":"2026-04-09T17:39:21.959089Z","level":"info","event":"[Transformer] Added column: trip_distance_category","logger":"task.stdout"}
{"timestamp":"2026-04-09T17:39:21.976809Z","level":"info","event":"[Transformer] Added column: fare_category","logger":"task.stdout"}
{"timestamp":"2026-04-09T17:39:21.995474Z","level":"info","event":"[Transformer] Added column: trip_time_of_day","logger":"task.stdout"}
{"timestamp":"2026-04-09T17:39:22.663032Z","level":"info","event":"[Transformer] Dropped columns: ['VendorID', 'store_and_fwd_flag', 'RatecodeID']","logger":"task.stdout"}
{"timestamp":"2026-04-09T17:39:22.672239Z","level":"info","event":"[Transformer] Added column: trip_duration_minutes","logger":"task.stdout"}
{"timestamp":"2026-04-09T17:39:22.688898Z","level":"info","event":"[Transformer] Added column: average_speed_mph","logger":"task.stdout"}
{"timestamp":"2026-04-09T17:39:22.742398Z","level":"info","event":"[Transformer] Added columns: pickup_year, pickup_month","logger":"task.stdout"}
{"timestamp":"2026-04-09T17:39:22.774117Z","level":"info","event":"[Transformer] Added column: revenue_per_mile","logger":"task.stdout"}
{"timestamp":"2026-04-09T17:39:22.795931Z","level":"info","event":"[Transformer] Added column: trip_distance_category","logger":"task.stdout"}
{"timestamp":"2026-04-09T17:39:22.840577Z","level":"info","event":"[Transformer] Added column: fare_category","logger":"task.stdout"}
{"timestamp":"2026-04-09T17:39:22.873022Z","level":"info","event":"[Transformer] Added column: trip_time_of_day","logger":"task.stdout"}
{"timestamp":"2026-04-09T17:39:23.640817Z","level":"info","event":"[Transformer] Dropped columns: ['VendorID', 'store_and_fwd_flag', 'RatecodeID']","logger":"task.stdout"}
{"timestamp":"2026-04-09T17:39:23.771949Z","level":"info","event":"[Transformer] Added column: trip_duration_minutes","logger":"task.stdout"}
{"timestamp":"2026-04-09T17:39:23.774768Z","level":"info","event":"[Transformer] Added column: average_speed_mph","logger":"task.stdout"}
{"timestamp":"2026-04-09T17:39:23.776187Z","level":"info","event":"[Transformer] Added columns: pickup_year, pickup_month","logger":"task.stdout"}
{"timestamp":"2026-04-09T17:39:23.776782Z","level":"info","event":"[Transformer] Added column: revenue_per_mile","logger":"task.stdout"}
{"timestamp":"2026-04-09T17:39:23.803293Z","level":"info","event":"[Transformer] Added column: trip_distance_category","logger":"task.stdout"}
{"timestamp":"2026-04-09T17:39:23.841787Z","level":"info","event":"[Transformer] Added column: fare_category","logger":"task.stdout"}
{"timestamp":"2026-04-09T17:39:23.879558Z","level":"info","event":"[Transformer] Added column: trip_time_of_day","logger":"task.stdout"}
{"timestamp":"2026-04-09T17:39:24.621807Z","level":"info","event":"[Transformer] Dropped columns: ['VendorID', 'store_and_fwd_flag', 'RatecodeID']","logger":"task.stdout"}
{"timestamp":"2026-04-09T17:39:24.657996Z","level":"info","event":"[Transformer] Added column: trip_duration_minutes","logger":"task.stdout"}
{"timestamp":"2026-04-09T17:39:24.692211Z","level":"info","event":"[Transformer] Added column: average_speed_mph","logger":"task.stdout"}
{"timestamp":"2026-04-09T17:39:24.705803Z","level":"info","event":"[Transformer] Added columns: pickup_year, pickup_month","logger":"task.stdout"}
{"timestamp":"2026-04-09T17:39:24.717059Z","level":"info","event":"[Transformer] Added column: revenue_per_mile","logger":"task.stdout"}
{"timestamp":"2026-04-09T17:39:24.727389Z","level":"info","event":"[Transformer] Added column: trip_distance_category","logger":"task.stdout"}
{"timestamp":"2026-04-09T17:39:24.731488Z","level":"info","event":"[Transformer] Added column: fare_category","logger":"task.stdout"}
{"timestamp":"2026-04-09T17:39:24.741967Z","level":"info","event":"[Transformer] Added column: trip_time_of_day","logger":"task.stdout"}
{"timestamp":"2026-04-09T17:39:25.531617Z","level":"info","event":"[Transformer] Dropped columns: ['VendorID', 'store_and_fwd_flag', 'RatecodeID']","logger":"task.stdout"}
{"timestamp":"2026-04-09T17:39:25.559029Z","level":"info","event":"[Transformer] Added column: trip_duration_minutes","logger":"task.stdout"}
{"timestamp":"2026-04-09T17:39:25.587262Z","level":"info","event":"[Transformer] Added column: average_speed_mph","logger":"task.stdout"}
{"timestamp":"2026-04-09T17:39:25.614852Z","level":"info","event":"[Transformer] Added columns: pickup_year, pickup_month","logger":"task.stdout"}
{"timestamp":"2026-04-09T17:39:25.657482Z","level":"info","event":"[Transformer] Added column: revenue_per_mile","logger":"task.stdout"}
{"timestamp":"2026-04-09T17:39:25.676834Z","level":"info","event":"[Transformer] Added column: trip_distance_category","logger":"task.stdout"}
{"timestamp":"2026-04-09T17:39:25.693966Z","level":"info","event":"[Transformer] Added column: fare_category","logger":"task.stdout"}
{"timestamp":"2026-04-09T17:39:25.724250Z","level":"info","event":"[Transformer] Added column: trip_time_of_day","logger":"task.stdout"}
{"timestamp":"2026-04-09T17:39:26.829414Z","level":"info","event":"[Transformer] Written 3724889 rows to /opt/airflow/data/processed/yellow_tripdata_2026-01.parquet","logger":"task.stdout"}
{"timestamp":"2026-04-09T17:39:26.858062Z","level":"info","event":"Done. Returned value was: /opt/airflow/data/processed/yellow_tripdata_2026-01.parquet","logger":"airflow.task.operators.airflow.providers.standard.operators.python.PythonOperator","filename":"python.py","lineno":230}
{"timestamp":"2026-04-09T17:39:26.859416Z","level":"info","event":"Pushing xcom","ti":"RuntimeTaskInstance(id=UUID('019d7353-4e14-79d8-baa9-c65cac1a43ac'), task_id='transform', dag_id='yellow_taxi_pipeline', run_id='manual__2026-04-09T17:38:51.825947+00:00', try_number=1, dag_version_id=UUID('019d734a-1b48-7030-a76a-5cbdfa5f18f2'), map_index=-1, hostname='a6c4979bc3f4', context_carrier={}, task=<Task(PythonOperator): transform>, bundle_instance=LocalDagBundle(name=dags-folder), max_tries=0, start_date=datetime.datetime(2026, 4, 9, 17, 38, 56, 996890, tzinfo=datetime.timezone.utc), end_date=None, state=<TaskInstanceState.RUNNING: 'running'>, is_mapped=False, rendered_map_index=None)","logger":"task","filename":"task_runner.py","lineno":1522}
{"timestamp":"2026-04-09T17:39:27.088925Z","level":"info","event":"Task instance in success state","logger":"task.stdout"}
{"timestamp":"2026-04-09T17:39:27.089703Z","level":"info","event":" Previous state of the Task instance: TaskInstanceState.RUNNING","logger":"task.stdout"}
{"timestamp":"2026-04-09T17:39:27.094050Z","level":"info","event":"Task operator:<Task(PythonOperator): transform>","logger":"task.stdout"}
