{"timestamp":"2026-04-09T17:36:51.533247Z","level":"info","event":"DAG bundles loaded: dags-folder, example_dags","logger":"airflow.dag_processing.bundles.manager.DagBundlesManager","filename":"manager.py","lineno":179}
{"timestamp":"2026-04-09T17:36:51.534049Z","level":"info","event":"Filling up the DagBag from /opt/airflow/dags/yellow_taxi_pipeline.py","logger":"airflow.models.dagbag.BundleDagBag","filename":"dagbag.py","lineno":593}
{"timestamp":"2026-04-09T17:36:51.574529Z","level":"info","event":"Task instance is in running state","logger":"task.stdout"}
{"timestamp":"2026-04-09T17:36:51.574930Z","level":"info","event":" Previous state of the Task instance: TaskInstanceState.QUEUED","logger":"task.stdout"}
{"timestamp":"2026-04-09T17:36:51.575103Z","level":"info","event":"Current task name:transform","logger":"task.stdout"}
{"timestamp":"2026-04-09T17:36:51.575209Z","level":"info","event":"Dag name:yellow_taxi_pipeline","logger":"task.stdout"}
{"timestamp":"2026-04-09T17:36:51.587270Z","level":"info","event":"[Transformer] Reading /opt/airflow/data/raw/yellow_tripdata_2026-01.parquet","logger":"task.stdout"}
{"timestamp":"2026-04-09T17:36:51.649476Z","level":"info","event":"[Transformer] Dropped columns: ['VendorID', 'store_and_fwd_flag', 'RatecodeID']","logger":"task.stdout"}
{"timestamp":"2026-04-09T17:36:51.657857Z","level":"info","event":"[Transformer] Added column: trip_duration_minutes","logger":"task.stdout"}
{"timestamp":"2026-04-09T17:36:51.669294Z","level":"info","event":"[Transformer] Added column: average_speed_mph","logger":"task.stdout"}
{"timestamp":"2026-04-09T17:36:51.677277Z","level":"info","event":"[Transformer] Added columns: pickup_year, pickup_month","logger":"task.stdout"}
{"timestamp":"2026-04-09T17:36:51.688480Z","level":"info","event":"[Transformer] Added column: revenue_per_mile","logger":"task.stdout"}
{"timestamp":"2026-04-09T17:36:51.695452Z","level":"info","event":"[Transformer] Added column: trip_distance_category","logger":"task.stdout"}
{"timestamp":"2026-04-09T17:36:51.700453Z","level":"info","event":"[Transformer] Added column: fare_category","logger":"task.stdout"}
{"timestamp":"2026-04-09T17:36:51.708420Z","level":"info","event":"[Transformer] Added column: trip_time_of_day","logger":"task.stdout"}
{"timestamp":"2026-04-09T17:36:51.977993Z","level":"info","event":"[Transformer] Dropped columns: ['VendorID', 'store_and_fwd_flag', 'RatecodeID']","logger":"task.stdout"}
{"timestamp":"2026-04-09T17:36:51.985243Z","level":"info","event":"[Transformer] Added column: trip_duration_minutes","logger":"task.stdout"}
{"timestamp":"2026-04-09T17:36:51.997824Z","level":"info","event":"[Transformer] Added column: average_speed_mph","logger":"task.stdout"}
{"timestamp":"2026-04-09T17:36:52.008438Z","level":"info","event":"[Transformer] Added columns: pickup_year, pickup_month","logger":"task.stdout"}
{"timestamp":"2026-04-09T17:36:52.023477Z","level":"info","event":"[Transformer] Added column: revenue_per_mile","logger":"task.stdout"}
{"timestamp":"2026-04-09T17:36:52.030491Z","level":"info","event":"[Transformer] Added column: trip_distance_category","logger":"task.stdout"}
{"timestamp":"2026-04-09T17:36:52.035458Z","level":"info","event":"[Transformer] Added column: fare_category","logger":"task.stdout"}
{"timestamp":"2026-04-09T17:36:52.042858Z","level":"info","event":"[Transformer] Added column: trip_time_of_day","logger":"task.stdout"}
{"timestamp":"2026-04-09T17:36:52.296732Z","level":"info","event":"[Transformer] Dropped columns: ['VendorID', 'store_and_fwd_flag', 'RatecodeID']","logger":"task.stdout"}
{"timestamp":"2026-04-09T17:36:52.301446Z","level":"info","event":"[Transformer] Added column: trip_duration_minutes","logger":"task.stdout"}
{"timestamp":"2026-04-09T17:36:52.311455Z","level":"info","event":"[Transformer] Added column: average_speed_mph","logger":"task.stdout"}
{"timestamp":"2026-04-09T17:36:52.320593Z","level":"info","event":"[Transformer] Added columns: pickup_year, pickup_month","logger":"task.stdout"}
{"timestamp":"2026-04-09T17:36:52.330640Z","level":"info","event":"[Transformer] Added column: revenue_per_mile","logger":"task.stdout"}
{"timestamp":"2026-04-09T17:36:52.336415Z","level":"info","event":"[Transformer] Added column: trip_distance_category","logger":"task.stdout"}
{"timestamp":"2026-04-09T17:36:52.341389Z","level":"info","event":"[Transformer] Added column: fare_category","logger":"task.stdout"}
{"timestamp":"2026-04-09T17:36:52.350439Z","level":"info","event":"[Transformer] Added column: trip_time_of_day","logger":"task.stdout"}
{"timestamp":"2026-04-09T17:36:52.564429Z","level":"info","event":"[Transformer] Dropped columns: ['VendorID', 'store_and_fwd_flag', 'RatecodeID']","logger":"task.stdout"}
{"timestamp":"2026-04-09T17:36:52.569264Z","level":"info","event":"[Transformer] Added column: trip_duration_minutes","logger":"task.stdout"}
{"timestamp":"2026-04-09T17:36:52.580497Z","level":"info","event":"[Transformer] Added column: average_speed_mph","logger":"task.stdout"}
{"timestamp":"2026-04-09T17:36:52.589464Z","level":"info","event":"[Transformer] Added columns: pickup_year, pickup_month","logger":"task.stdout"}
{"timestamp":"2026-04-09T17:36:52.597595Z","level":"info","event":"[Transformer] Added column: revenue_per_mile","logger":"task.stdout"}
{"timestamp":"2026-04-09T17:36:52.604486Z","level":"info","event":"[Transformer] Added column: trip_distance_category","logger":"task.stdout"}
{"timestamp":"2026-04-09T17:36:52.608398Z","level":"info","event":"[Transformer] Added column: fare_category","logger":"task.stdout"}
{"timestamp":"2026-04-09T17:36:52.614402Z","level":"info","event":"[Transformer] Added column: trip_time_of_day","logger":"task.stdout"}
{"timestamp":"2026-04-09T17:36:52.810520Z","level":"info","event":"[Transformer] Dropped columns: ['VendorID', 'store_and_fwd_flag', 'RatecodeID']","logger":"task.stdout"}
{"timestamp":"2026-04-09T17:36:52.816127Z","level":"info","event":"[Transformer] Added column: trip_duration_minutes","logger":"task.stdout"}
{"timestamp":"2026-04-09T17:36:52.825528Z","level":"info","event":"[Transformer] Added column: average_speed_mph","logger":"task.stdout"}
{"timestamp":"2026-04-09T17:36:52.834512Z","level":"info","event":"[Transformer] Added columns: pickup_year, pickup_month","logger":"task.stdout"}
{"timestamp":"2026-04-09T17:36:52.841545Z","level":"info","event":"[Transformer] Added column: revenue_per_mile","logger":"task.stdout"}
{"timestamp":"2026-04-09T17:36:52.847434Z","level":"info","event":"[Transformer] Added column: trip_distance_category","logger":"task.stdout"}
{"timestamp":"2026-04-09T17:36:52.852656Z","level":"info","event":"[Transformer] Added column: fare_category","logger":"task.stdout"}
{"timestamp":"2026-04-09T17:36:52.860514Z","level":"info","event":"[Transformer] Added column: trip_time_of_day","logger":"task.stdout"}
{"timestamp":"2026-04-09T17:36:53.064544Z","level":"info","event":"[Transformer] Dropped columns: ['VendorID', 'store_and_fwd_flag', 'RatecodeID']","logger":"task.stdout"}
{"timestamp":"2026-04-09T17:36:53.068597Z","level":"info","event":"[Transformer] Added column: trip_duration_minutes","logger":"task.stdout"}
{"timestamp":"2026-04-09T17:36:53.076601Z","level":"info","event":"[Transformer] Added column: average_speed_mph","logger":"task.stdout"}
{"timestamp":"2026-04-09T17:36:53.085420Z","level":"info","event":"[Transformer] Added columns: pickup_year, pickup_month","logger":"task.stdout"}
{"timestamp":"2026-04-09T17:36:53.091710Z","level":"info","event":"[Transformer] Added column: revenue_per_mile","logger":"task.stdout"}
{"timestamp":"2026-04-09T17:36:53.097608Z","level":"info","event":"[Transformer] Added column: trip_distance_category","logger":"task.stdout"}
{"timestamp":"2026-04-09T17:36:53.103765Z","level":"info","event":"[Transformer] Added column: fare_category","logger":"task.stdout"}
{"timestamp":"2026-04-09T17:36:53.111542Z","level":"info","event":"[Transformer] Added column: trip_time_of_day","logger":"task.stdout"}
{"timestamp":"2026-04-09T17:36:53.310429Z","level":"info","event":"[Transformer] Dropped columns: ['VendorID', 'store_and_fwd_flag', 'RatecodeID']","logger":"task.stdout"}
{"timestamp":"2026-04-09T17:36:53.316649Z","level":"info","event":"[Transformer] Added column: trip_duration_minutes","logger":"task.stdout"}
{"timestamp":"2026-04-09T17:36:53.323485Z","level":"info","event":"[Transformer] Added column: average_speed_mph","logger":"task.stdout"}
{"timestamp":"2026-04-09T17:36:53.332469Z","level":"info","event":"[Transformer] Added columns: pickup_year, pickup_month","logger":"task.stdout"}
{"timestamp":"2026-04-09T17:36:53.339502Z","level":"info","event":"[Transformer] Added column: revenue_per_mile","logger":"task.stdout"}
{"timestamp":"2026-04-09T17:36:53.345465Z","level":"info","event":"[Transformer] Added column: trip_distance_category","logger":"task.stdout"}
{"timestamp":"2026-04-09T17:36:53.351531Z","level":"info","event":"[Transformer] Added column: fare_category","logger":"task.stdout"}
{"timestamp":"2026-04-09T17:36:53.358517Z","level":"info","event":"[Transformer] Added column: trip_time_of_day","logger":"task.stdout"}
{"timestamp":"2026-04-09T17:36:53.554489Z","level":"info","event":"[Transformer] Dropped columns: ['VendorID', 'store_and_fwd_flag', 'RatecodeID']","logger":"task.stdout"}
{"timestamp":"2026-04-09T17:36:53.558644Z","level":"info","event":"[Transformer] Added column: trip_duration_minutes","logger":"task.stdout"}
{"timestamp":"2026-04-09T17:36:53.566539Z","level":"info","event":"[Transformer] Added column: average_speed_mph","logger":"task.stdout"}
{"timestamp":"2026-04-09T17:36:53.574498Z","level":"info","event":"[Transformer] Added columns: pickup_year, pickup_month","logger":"task.stdout"}
{"timestamp":"2026-04-09T17:36:53.580423Z","level":"info","event":"[Transformer] Added column: revenue_per_mile","logger":"task.stdout"}
{"timestamp":"2026-04-09T17:36:53.585834Z","level":"info","event":"[Transformer] Added column: trip_distance_category","logger":"task.stdout"}
{"timestamp":"2026-04-09T17:36:53.591398Z","level":"info","event":"[Transformer] Added column: fare_category","logger":"task.stdout"}
{"timestamp":"2026-04-09T17:36:53.598921Z","level":"info","event":"[Transformer] Added column: trip_time_of_day","logger":"task.stdout"}
{"timestamp":"2026-04-09T17:36:53.794483Z","level":"info","event":"[Transformer] Dropped columns: ['VendorID', 'store_and_fwd_flag', 'RatecodeID']","logger":"task.stdout"}
{"timestamp":"2026-04-09T17:36:53.801486Z","level":"info","event":"[Transformer] Added column: trip_duration_minutes","logger":"task.stdout"}
{"timestamp":"2026-04-09T17:36:53.808477Z","level":"info","event":"[Transformer] Added column: average_speed_mph","logger":"task.stdout"}
{"timestamp":"2026-04-09T17:36:53.816259Z","level":"info","event":"[Transformer] Added columns: pickup_year, pickup_month","logger":"task.stdout"}
{"timestamp":"2026-04-09T17:36:53.823258Z","level":"info","event":"[Transformer] Added column: revenue_per_mile","logger":"task.stdout"}
{"timestamp":"2026-04-09T17:36:53.829460Z","level":"info","event":"[Transformer] Added column: trip_distance_category","logger":"task.stdout"}
{"timestamp":"2026-04-09T17:36:53.835513Z","level":"info","event":"[Transformer] Added column: fare_category","logger":"task.stdout"}
{"timestamp":"2026-04-09T17:36:53.843510Z","level":"info","event":"[Transformer] Added column: trip_time_of_day","logger":"task.stdout"}
{"timestamp":"2026-04-09T17:36:54.034421Z","level":"info","event":"[Transformer] Dropped columns: ['VendorID', 'store_and_fwd_flag', 'RatecodeID']","logger":"task.stdout"}
{"timestamp":"2026-04-09T17:36:54.038840Z","level":"info","event":"[Transformer] Added column: trip_duration_minutes","logger":"task.stdout"}
{"timestamp":"2026-04-09T17:36:54.046519Z","level":"info","event":"[Transformer] Added column: average_speed_mph","logger":"task.stdout"}
{"timestamp":"2026-04-09T17:36:54.055488Z","level":"info","event":"[Transformer] Added columns: pickup_year, pickup_month","logger":"task.stdout"}
{"timestamp":"2026-04-09T17:36:54.063418Z","level":"info","event":"[Transformer] Added column: revenue_per_mile","logger":"task.stdout"}
{"timestamp":"2026-04-09T17:36:54.067387Z","level":"info","event":"[Transformer] Added column: trip_distance_category","logger":"task.stdout"}
{"timestamp":"2026-04-09T17:36:54.072826Z","level":"info","event":"[Transformer] Added column: fare_category","logger":"task.stdout"}
{"timestamp":"2026-04-09T17:36:54.079924Z","level":"info","event":"[Transformer] Added column: trip_time_of_day","logger":"task.stdout"}
{"timestamp":"2026-04-09T17:36:54.278336Z","level":"info","event":"[Transformer] Dropped columns: ['VendorID', 'store_and_fwd_flag', 'RatecodeID']","logger":"task.stdout"}
{"timestamp":"2026-04-09T17:36:54.283243Z","level":"info","event":"[Transformer] Added column: trip_duration_minutes","logger":"task.stdout"}
{"timestamp":"2026-04-09T17:36:54.290400Z","level":"info","event":"[Transformer] Added column: average_speed_mph","logger":"task.stdout"}
{"timestamp":"2026-04-09T17:36:54.298791Z","level":"info","event":"[Transformer] Added columns: pickup_year, pickup_month","logger":"task.stdout"}
{"timestamp":"2026-04-09T17:36:54.306461Z","level":"info","event":"[Transformer] Added column: revenue_per_mile","logger":"task.stdout"}
{"timestamp":"2026-04-09T17:36:54.312032Z","level":"info","event":"[Transformer] Added column: trip_distance_category","logger":"task.stdout"}
{"timestamp":"2026-04-09T17:36:54.318482Z","level":"info","event":"[Transformer] Added column: fare_category","logger":"task.stdout"}
{"timestamp":"2026-04-09T17:36:54.326483Z","level":"info","event":"[Transformer] Added column: trip_time_of_day","logger":"task.stdout"}
{"timestamp":"2026-04-09T17:36:54.543456Z","level":"info","event":"[Transformer] Dropped columns: ['VendorID', 'store_and_fwd_flag', 'RatecodeID']","logger":"task.stdout"}
{"timestamp":"2026-04-09T17:36:54.548517Z","level":"info","event":"[Transformer] Added column: trip_duration_minutes","logger":"task.stdout"}
{"timestamp":"2026-04-09T17:36:54.556520Z","level":"info","event":"[Transformer] Added column: average_speed_mph","logger":"task.stdout"}
{"timestamp":"2026-04-09T17:36:54.564502Z","level":"info","event":"[Transformer] Added columns: pickup_year, pickup_month","logger":"task.stdout"}
{"timestamp":"2026-04-09T17:36:54.572525Z","level":"info","event":"[Transformer] Added column: revenue_per_mile","logger":"task.stdout"}
{"timestamp":"2026-04-09T17:36:54.577036Z","level":"info","event":"[Transformer] Added column: trip_distance_category","logger":"task.stdout"}
{"timestamp":"2026-04-09T17:36:54.584520Z","level":"info","event":"[Transformer] Added column: fare_category","logger":"task.stdout"}
{"timestamp":"2026-04-09T17:36:54.594436Z","level":"info","event":"[Transformer] Added column: trip_time_of_day","logger":"task.stdout"}
{"timestamp":"2026-04-09T17:36:54.996522Z","level":"info","event":"[Transformer] Dropped columns: ['VendorID', 'store_and_fwd_flag', 'RatecodeID']","logger":"task.stdout"}
{"timestamp":"2026-04-09T17:36:55.007233Z","level":"info","event":"[Transformer] Added column: trip_duration_minutes","logger":"task.stdout"}
{"timestamp":"2026-04-09T17:36:55.021903Z","level":"info","event":"[Transformer] Added column: average_speed_mph","logger":"task.stdout"}
{"timestamp":"2026-04-09T17:36:55.055664Z","level":"info","event":"[Transformer] Added columns: pickup_year, pickup_month","logger":"task.stdout"}
{"timestamp":"2026-04-09T17:36:55.078668Z","level":"info","event":"[Transformer] Added column: revenue_per_mile","logger":"task.stdout"}
{"timestamp":"2026-04-09T17:36:55.099548Z","level":"info","event":"[Transformer] Added column: trip_distance_category","logger":"task.stdout"}
{"timestamp":"2026-04-09T17:36:55.107129Z","level":"info","event":"[Transformer] Added column: fare_category","logger":"task.stdout"}
{"timestamp":"2026-04-09T17:36:55.119741Z","level":"info","event":"[Transformer] Added column: trip_time_of_day","logger":"task.stdout"}
{"timestamp":"2026-04-09T17:36:55.429703Z","level":"info","event":"[Transformer] Dropped columns: ['VendorID', 'store_and_fwd_flag', 'RatecodeID']","logger":"task.stdout"}
{"timestamp":"2026-04-09T17:36:55.439282Z","level":"info","event":"[Transformer] Added column: trip_duration_minutes","logger":"task.stdout"}
{"timestamp":"2026-04-09T17:36:55.452211Z","level":"info","event":"[Transformer] Added column: average_speed_mph","logger":"task.stdout"}
{"timestamp":"2026-04-09T17:36:55.466328Z","level":"info","event":"[Transformer] Added columns: pickup_year, pickup_month","logger":"task.stdout"}
{"timestamp":"2026-04-09T17:36:55.478853Z","level":"info","event":"[Transformer] Added column: revenue_per_mile","logger":"task.stdout"}
{"timestamp":"2026-04-09T17:36:55.496565Z","level":"info","event":"[Transformer] Added column: trip_distance_category","logger":"task.stdout"}
{"timestamp":"2026-04-09T17:36:55.517945Z","level":"info","event":"[Transformer] Added column: fare_category","logger":"task.stdout"}
{"timestamp":"2026-04-09T17:36:55.537742Z","level":"info","event":"[Transformer] Added column: trip_time_of_day","logger":"task.stdout"}
{"timestamp":"2026-04-09T17:36:56.207366Z","level":"info","event":"[Transformer] Dropped columns: ['VendorID', 'store_and_fwd_flag', 'RatecodeID']","logger":"task.stdout"}
{"timestamp":"2026-04-09T17:37:02.920534Z","level":"critical","event":"Process terminated by signal. Likely out of memory error (OOM). For more information, see https://airflow.apache.org/docs/apache-airflow/stable/troubleshooting.html#process-terminated-by-signal.","signal":-9,"signal_name":"SIGKILL","logger":"task"}
