{"timestamp":"2026-04-07T08:46:46.922832Z","level":"info","event":"DAG bundles loaded: dags-folder, example_dags","logger":"airflow.dag_processing.bundles.manager.DagBundlesManager","filename":"manager.py","lineno":179}
{"timestamp":"2026-04-07T08:46:46.923973Z","level":"info","event":"Filling up the DagBag from /opt/airflow/dags/yellow_taxi_pipeline.py","logger":"airflow.models.dagbag.BundleDagBag","filename":"dagbag.py","lineno":593}
{"timestamp":"2026-04-07T08:46:46.941624Z","level":"warning","event":"The `airflow.operators.python.PythonOperator` attribute is deprecated. Please use `'airflow.providers.standard.operators.python.PythonOperator'`.","category":"DeprecatedImportWarning","filename":"/opt/airflow/dags/yellow_taxi_pipeline.py","lineno":2,"logger":"py.warnings"}
{"timestamp":"2026-04-07T08:46:47.008430Z","level":"info","event":"Task instance is in running state","logger":"task.stdout"}
{"timestamp":"2026-04-07T08:46:47.008755Z","level":"info","event":" Previous state of the Task instance: TaskInstanceState.QUEUED","logger":"task.stdout"}
{"timestamp":"2026-04-07T08:46:47.008953Z","level":"info","event":"Current task name:ingest","logger":"task.stdout"}
{"timestamp":"2026-04-07T08:46:47.009127Z","level":"info","event":"Dag name:yellow_taxi_pipeline","logger":"task.stdout"}
{"timestamp":"2026-04-07T08:46:47.042765Z","level":"error","event":"Task failed with exception","logger":"task","filename":"task_runner.py","lineno":1142,"error_detail":[{"exc_type":"FileNotFoundError","exc_value":"[Errno 2] No such file or directory: '/opt/airflow/data/raw/yellow_tripdata_2025-01.parquet'","exc_notes":[],"syntax_error":null,"is_cause":false,"frames":[{"filename":"/home/airflow/.local/lib/python3.12/site-packages/airflow/sdk/execution_time/task_runner.py","lineno":1068,"name":"run"},{"filename":"/home/airflow/.local/lib/python3.12/site-packages/airflow/sdk/execution_time/task_runner.py","lineno":1477,"name":"_execute_task"},{"filename":"/home/airflow/.local/lib/python3.12/site-packages/airflow/sdk/bases/operator.py","lineno":417,"name":"wrapper"},{"filename":"/home/airflow/.local/lib/python3.12/site-packages/airflow/providers/standard/operators/python.py","lineno":228,"name":"execute"},{"filename":"/home/airflow/.local/lib/python3.12/site-packages/airflow/providers/standard/operators/python.py","lineno":251,"name":"execute_callable"},{"filename":"/home/airflow/.local/lib/python3.12/site-packages/airflow/sdk/execution_time/callback_runner.py","lineno":82,"name":"run"},{"filename":"/opt/airflow/dags/yellow_taxi_pipeline.py","lineno":8,"name":"ingest"},{"filename":"/home/airflow/.local/lib/python3.12/site-packages/pandas/io/parquet.py","lineno":669,"name":"read_parquet"},{"filename":"/home/airflow/.local/lib/python3.12/site-packages/pandas/io/parquet.py","lineno":258,"name":"read"},{"filename":"/home/airflow/.local/lib/python3.12/site-packages/pandas/io/parquet.py","lineno":141,"name":"_get_path_or_handle"},{"filename":"/home/airflow/.local/lib/python3.12/site-packages/pandas/io/common.py","lineno":882,"name":"get_handle"}],"is_group":false,"exceptions":[]}]}
{"timestamp":"2026-04-07T08:46:47.045067Z","level":"info","event":"Task instance in failure state","logger":"task.stdout"}
{"timestamp":"2026-04-07T08:46:47.045756Z","level":"info","event":"Task start","logger":"task.stdout"}
{"timestamp":"2026-04-07T08:46:47.046072Z","level":"info","event":"Task:<Task(PythonOperator): ingest>","logger":"task.stdout"}
{"timestamp":"2026-04-07T08:46:47.046945Z","level":"info","event":"Failure caused by [Errno 2] No such file or directory: '/opt/airflow/data/raw/yellow_tripdata_2025-01.parquet'","logger":"task.stdout"}
{"timestamp":"2026-04-09T12:31:23.048731Z","level":"info","event":"DAG bundles loaded: dags-folder, example_dags","logger":"airflow.dag_processing.bundles.manager.DagBundlesManager","filename":"manager.py","lineno":179}
{"timestamp":"2026-04-09T12:31:23.049660Z","level":"info","event":"Filling up the DagBag from /opt/airflow/dags/yellow_taxi_pipeline.py","logger":"airflow.models.dagbag.BundleDagBag","filename":"dagbag.py","lineno":593}
{"timestamp":"2026-04-09T12:31:23.100039Z","level":"info","event":"Task instance is in running state","logger":"task.stdout"}
{"timestamp":"2026-04-09T12:31:23.100466Z","level":"info","event":" Previous state of the Task instance: TaskInstanceState.QUEUED","logger":"task.stdout"}
{"timestamp":"2026-04-09T12:31:23.102692Z","level":"info","event":"Current task name:ingest","logger":"task.stdout"}
{"timestamp":"2026-04-09T12:31:23.102983Z","level":"info","event":"Dag name:yellow_taxi_pipeline","logger":"task.stdout"}
{"timestamp":"2026-04-09T12:31:23.107962Z","level":"error","event":"Task failed with exception","logger":"task","filename":"task_runner.py","lineno":1142,"error_detail":[{"exc_type":"FileNotFoundError","exc_value":"Missing file: /opt/airflow/data/raw/yellow_tripdata_2026-04.parquet. Available files: ['yellow_tripdata_2026-01.parquet']","exc_notes":[],"syntax_error":null,"is_cause":false,"frames":[{"filename":"/home/airflow/.local/lib/python3.12/site-packages/airflow/sdk/execution_time/task_runner.py","lineno":1068,"name":"run"},{"filename":"/home/airflow/.local/lib/python3.12/site-packages/airflow/sdk/execution_time/task_runner.py","lineno":1477,"name":"_execute_task"},{"filename":"/home/airflow/.local/lib/python3.12/site-packages/airflow/sdk/bases/operator.py","lineno":417,"name":"wrapper"},{"filename":"/home/airflow/.local/lib/python3.12/site-packages/airflow/providers/standard/operators/python.py","lineno":228,"name":"execute"},{"filename":"/home/airflow/.local/lib/python3.12/site-packages/airflow/providers/standard/operators/python.py","lineno":251,"name":"execute_callable"},{"filename":"/home/airflow/.local/lib/python3.12/site-packages/airflow/sdk/execution_time/callback_runner.py","lineno":82,"name":"run"},{"filename":"/opt/airflow/dags/yellow_taxi_pipeline.py","lineno":18,"name":"ingest"},{"filename":"/opt/airflow/dags/src/reader.py","lineno":16,"name":"read"}],"is_group":false,"exceptions":[]}]}
{"timestamp":"2026-04-09T12:31:23.109585Z","level":"info","event":"Task instance in failure state","logger":"task.stdout"}
{"timestamp":"2026-04-09T12:31:23.110015Z","level":"info","event":"Task start","logger":"task.stdout"}
{"timestamp":"2026-04-09T12:31:23.110280Z","level":"info","event":"Task:<Task(PythonOperator): ingest>","logger":"task.stdout"}
{"timestamp":"2026-04-09T12:31:23.110493Z","level":"info","event":"Failure caused by Missing file: /opt/airflow/data/raw/yellow_tripdata_2026-04.parquet. Available files: ['yellow_tripdata_2026-01.parquet']","logger":"task.stdout"}
{"timestamp":"2026-04-09T17:22:45.152726Z","level":"info","event":"DAG bundles loaded: dags-folder, example_dags","logger":"airflow.dag_processing.bundles.manager.DagBundlesManager","filename":"manager.py","lineno":179}
{"timestamp":"2026-04-09T17:22:45.156038Z","level":"info","event":"Filling up the DagBag from /opt/airflow/dags/yellow_taxi_pipeline.py","logger":"airflow.models.dagbag.BundleDagBag","filename":"dagbag.py","lineno":593}
{"timestamp":"2026-04-09T17:22:45.251786Z","level":"info","event":"Task instance is in running state","logger":"task.stdout"}
{"timestamp":"2026-04-09T17:22:45.255435Z","level":"info","event":" Previous state of the Task instance: TaskInstanceState.QUEUED","logger":"task.stdout"}
{"timestamp":"2026-04-09T17:22:45.255955Z","level":"info","event":"Current task name:ingest","logger":"task.stdout"}
{"timestamp":"2026-04-09T17:22:45.256299Z","level":"info","event":"Dag name:yellow_taxi_pipeline","logger":"task.stdout"}
{"timestamp":"2026-04-09T17:22:45.260974Z","level":"error","event":"Task failed with exception","logger":"task","filename":"task_runner.py","lineno":1142,"error_detail":[{"exc_type":"FileNotFoundError","exc_value":"Missing file: /opt/airflow/data/raw/yellow_tripdata_2026-04.parquet. Available files: ['yellow_tripdata_2026-01.parquet']","exc_notes":[],"syntax_error":null,"is_cause":false,"frames":[{"filename":"/home/airflow/.local/lib/python3.12/site-packages/airflow/sdk/execution_time/task_runner.py","lineno":1068,"name":"run"},{"filename":"/home/airflow/.local/lib/python3.12/site-packages/airflow/sdk/execution_time/task_runner.py","lineno":1477,"name":"_execute_task"},{"filename":"/home/airflow/.local/lib/python3.12/site-packages/airflow/sdk/bases/operator.py","lineno":417,"name":"wrapper"},{"filename":"/home/airflow/.local/lib/python3.12/site-packages/airflow/providers/standard/operators/python.py","lineno":228,"name":"execute"},{"filename":"/home/airflow/.local/lib/python3.12/site-packages/airflow/providers/standard/operators/python.py","lineno":251,"name":"execute_callable"},{"filename":"/home/airflow/.local/lib/python3.12/site-packages/airflow/sdk/execution_time/callback_runner.py","lineno":82,"name":"run"},{"filename":"/opt/airflow/dags/yellow_taxi_pipeline.py","lineno":17,"name":"ingest"},{"filename":"/opt/airflow/dags/src/reader.py","lineno":16,"name":"read"}],"is_group":false,"exceptions":[]}]}
{"timestamp":"2026-04-09T17:22:45.263634Z","level":"info","event":"Task instance in failure state","logger":"task.stdout"}
{"timestamp":"2026-04-09T17:22:45.264394Z","level":"info","event":"Task start","logger":"task.stdout"}
{"timestamp":"2026-04-09T17:22:45.266461Z","level":"info","event":"Task:<Task(PythonOperator): ingest>","logger":"task.stdout"}
{"timestamp":"2026-04-09T17:22:45.270245Z","level":"info","event":"Failure caused by Missing file: /opt/airflow/data/raw/yellow_tripdata_2026-04.parquet. Available files: ['yellow_tripdata_2026-01.parquet']","logger":"task.stdout"}
